[10:25:26,987] [INFO] CmdHandlerFactory.init --> ==== 完成 Cmd 和 Handler 的关联 ====
[10:25:27,127] [INFO] CmdHandlerFactory.init --> 关联 org.tinygame.herostory.msg.GameMsgProtocol$UserEntryCmd <==> org.tinygame.herostory.cmdHandler.UserEntryCmdHandler
[10:25:27,143] [INFO] CmdHandlerFactory.init --> 关联 org.tinygame.herostory.msg.GameMsgProtocol$UserMoveToCmd <==> org.tinygame.herostory.cmdHandler.UserMoveToCmdHandler
[10:25:27,143] [INFO] CmdHandlerFactory.init --> 关联 org.tinygame.herostory.msg.GameMsgProtocol$WhoElseIsHereCmd <==> org.tinygame.herostory.cmdHandler.WhoElseIsHereCmdHandler
[10:25:27,143] [INFO] CmdHandlerFactory.init --> 关联 org.tinygame.herostory.msg.GameMsgProtocol$UserAttkCmd <==> org.tinygame.herostory.cmdHandler.UserAttkCmdHandler
[10:25:27,143] [INFO] GameMsgRecognizer.init --> ==== 完成 MsgBody 和 MsgCode 的关联 ====
[10:25:27,268] [INFO] GameMsgRecognizer.init --> 关联 org.tinygame.herostory.msg.GameMsgProtocol$UserDieResult <==> 12
[10:25:27,268] [INFO] GameMsgRecognizer.init --> 关联 org.tinygame.herostory.msg.GameMsgProtocol$UserSubtractHpResult <==> 11
[10:25:27,268] [INFO] GameMsgRecognizer.init --> 关联 org.tinygame.herostory.msg.GameMsgProtocol$UserAttkResult <==> 10
[10:25:27,268] [INFO] GameMsgRecognizer.init --> 关联 org.tinygame.herostory.msg.GameMsgProtocol$UserAttkCmd <==> 9
[10:25:27,284] [INFO] GameMsgRecognizer.init --> 关联 org.tinygame.herostory.msg.GameMsgProtocol$UserStopResult <==> 8
[10:25:27,284] [INFO] GameMsgRecognizer.init --> 关联 org.tinygame.herostory.msg.GameMsgProtocol$UserStopCmd <==> 7
[10:25:27,284] [INFO] GameMsgRecognizer.init --> 关联 org.tinygame.herostory.msg.GameMsgProtocol$UserQuitResult <==> 6
[10:25:27,284] [INFO] GameMsgRecognizer.init --> 关联 org.tinygame.herostory.msg.GameMsgProtocol$UserMoveToResult <==> 5
[10:25:27,284] [INFO] GameMsgRecognizer.init --> 关联 org.tinygame.herostory.msg.GameMsgProtocol$UserMoveToCmd <==> 4
[10:25:27,284] [INFO] GameMsgRecognizer.init --> 关联 org.tinygame.herostory.msg.GameMsgProtocol$WhoElseIsHereResult <==> 3
[10:25:27,299] [INFO] GameMsgRecognizer.init --> 关联 org.tinygame.herostory.msg.GameMsgProtocol$WhoElseIsHereCmd <==> 2
[10:25:27,299] [INFO] GameMsgRecognizer.init --> 关联 org.tinygame.herostory.msg.GameMsgProtocol$UserEntryResult <==> 1
[10:25:27,299] [INFO] GameMsgRecognizer.init --> 关联 org.tinygame.herostory.msg.GameMsgProtocol$UserEntryCmd <==> 0
[10:25:28,346] [INFO] ServerMain.main --> 服务器启动成功!
[10:25:49,550] [INFO] MainThreadProcessor.process --> 收到客户端消息, msgClazz = org.tinygame.herostory.msg.GameMsgProtocol$UserEntryCmd, msg = userId: 1
heroAvatar: "Hero_Hammer"

[10:25:49,555] [INFO] MainThreadProcessor.process --> 收到客户端消息, msgClazz = org.tinygame.herostory.msg.GameMsgProtocol$WhoElseIsHereCmd, msg = 
[10:25:58,046] [INFO] MainThreadProcessor.process --> 收到客户端消息, msgClazz = org.tinygame.herostory.msg.GameMsgProtocol$UserEntryCmd, msg = userId: 2
heroAvatar: "Hero_Shaman"

[10:25:58,047] [INFO] MainThreadProcessor.process --> 收到客户端消息, msgClazz = org.tinygame.herostory.msg.GameMsgProtocol$WhoElseIsHereCmd, msg = 
[10:26:02,843] [INFO] MainThreadProcessor.process --> 收到客户端消息, msgClazz = org.tinygame.herostory.msg.GameMsgProtocol$UserMoveToCmd, msg = moveToPosX: 179.76689
moveToPosY: -51.468533

[10:26:03,952] [INFO] MainThreadProcessor.process --> 收到客户端消息, msgClazz = org.tinygame.herostory.msg.GameMsgProtocol$UserMoveToCmd, msg = moveToPosX: -361.02567
moveToPosY: 0.7459207

[10:26:05,136] [INFO] MainThreadProcessor.process --> 收到客户端消息, msgClazz = org.tinygame.herostory.msg.GameMsgProtocol$UserMoveToCmd, msg = moveFromPosX: -155.71353
moveFromPosY: 2.815616
moveToPosX: -52.214466
moveToPosY: 2.2377622

[10:26:06,420] [INFO] MainThreadProcessor.process --> 收到客户端消息, msgClazz = org.tinygame.herostory.msg.GameMsgProtocol$UserMoveToCmd, msg = moveFromPosX: 181.30714
moveFromPosY: -53.32621
moveToPosX: 194.68532
moveToPosY: 84.28905

[10:26:07,016] [INFO] MainThreadProcessor.process --> 收到客户端消息, msgClazz = org.tinygame.herostory.msg.GameMsgProtocol$UserMoveToCmd, msg = moveFromPosX: 196.22939
moveFromPosY: 25.60089
moveToPosX: 55.944054
moveToPosY: 35.058273

[10:26:08,243] [INFO] MainThreadProcessor.process --> 收到客户端消息, msgClazz = org.tinygame.herostory.msg.GameMsgProtocol$UserMoveToCmd, msg = moveFromPosX: 55.4486
moveFromPosY: 36.270588
moveToPosX: 24.615383
moveToPosY: 2.2377622

[10:26:08,929] [INFO] MainThreadProcessor.process --> 收到客户端消息, msgClazz = org.tinygame.herostory.msg.GameMsgProtocol$UserAttkCmd, msg = targetUserId: 1

[10:26:08,936] [INFO] UserAttkCmdHandler.handle --> 当前线程 = MainThreadProcessor
[10:26:15,623] [INFO] MainThreadProcessor.process --> 收到客户端消息, msgClazz = org.tinygame.herostory.msg.GameMsgProtocol$UserAttkCmd, msg = targetUserId: 2

[10:26:15,624] [INFO] UserAttkCmdHandler.handle --> 当前线程 = MainThreadProcessor
[10:27:03,297] [INFO] CmdHandlerFactory.init --> ==== 完成 Cmd 和 Handler 的关联 ====
[10:27:03,597] [INFO] CmdHandlerFactory.init --> 关联 org.tinygame.herostory.msg.GameMsgProtocol$UserEntryCmd <==> org.tinygame.herostory.cmdHandler.UserEntryCmdHandler
[10:27:03,602] [INFO] CmdHandlerFactory.init --> 关联 org.tinygame.herostory.msg.GameMsgProtocol$UserMoveToCmd <==> org.tinygame.herostory.cmdHandler.UserMoveToCmdHandler
[10:27:03,613] [INFO] CmdHandlerFactory.init --> 关联 org.tinygame.herostory.msg.GameMsgProtocol$WhoElseIsHereCmd <==> org.tinygame.herostory.cmdHandler.WhoElseIsHereCmdHandler
[10:27:03,616] [INFO] CmdHandlerFactory.init --> 关联 org.tinygame.herostory.msg.GameMsgProtocol$UserAttkCmd <==> org.tinygame.herostory.cmdHandler.UserAttkCmdHandler
[10:27:03,629] [INFO] GameMsgRecognizer.init --> ==== 完成 MsgBody 和 MsgCode 的关联 ====
[10:27:03,877] [INFO] GameMsgRecognizer.init --> 关联 org.tinygame.herostory.msg.GameMsgProtocol$UserDieResult <==> 12
[10:27:03,882] [INFO] GameMsgRecognizer.init --> 关联 org.tinygame.herostory.msg.GameMsgProtocol$UserSubtractHpResult <==> 11
[10:27:03,886] [INFO] GameMsgRecognizer.init --> 关联 org.tinygame.herostory.msg.GameMsgProtocol$UserAttkResult <==> 10
[10:27:03,896] [INFO] GameMsgRecognizer.init --> 关联 org.tinygame.herostory.msg.GameMsgProtocol$UserAttkCmd <==> 9
[10:27:03,910] [INFO] GameMsgRecognizer.init --> 关联 org.tinygame.herostory.msg.GameMsgProtocol$UserStopResult <==> 8
[10:27:03,914] [INFO] GameMsgRecognizer.init --> 关联 org.tinygame.herostory.msg.GameMsgProtocol$UserStopCmd <==> 7
[10:27:03,917] [INFO] GameMsgRecognizer.init --> 关联 org.tinygame.herostory.msg.GameMsgProtocol$UserQuitResult <==> 6
[10:27:03,924] [INFO] GameMsgRecognizer.init --> 关联 org.tinygame.herostory.msg.GameMsgProtocol$UserMoveToResult <==> 5
[10:27:03,931] [INFO] GameMsgRecognizer.init --> 关联 org.tinygame.herostory.msg.GameMsgProtocol$UserMoveToCmd <==> 4
[10:27:03,950] [INFO] GameMsgRecognizer.init --> 关联 org.tinygame.herostory.msg.GameMsgProtocol$WhoElseIsHereResult <==> 3
[10:27:03,960] [INFO] GameMsgRecognizer.init --> 关联 org.tinygame.herostory.msg.GameMsgProtocol$WhoElseIsHereCmd <==> 2
[10:27:03,963] [INFO] GameMsgRecognizer.init --> 关联 org.tinygame.herostory.msg.GameMsgProtocol$UserEntryResult <==> 1
[10:27:03,966] [INFO] GameMsgRecognizer.init --> 关联 org.tinygame.herostory.msg.GameMsgProtocol$UserEntryCmd <==> 0
[10:27:05,380] [INFO] ServerMain.main --> 服务器启动成功!
[10:27:11,499] [INFO] MainThreadProcessor.process --> 收到客户端消息, msgClazz = org.tinygame.herostory.msg.GameMsgProtocol$UserEntryCmd
[10:27:11,504] [INFO] MainThreadProcessor.process --> 收到客户端消息, msgClazz = org.tinygame.herostory.msg.GameMsgProtocol$WhoElseIsHereCmd
[10:27:13,608] [INFO] MainThreadProcessor.process --> 收到客户端消息, msgClazz = org.tinygame.herostory.msg.GameMsgProtocol$UserEntryCmd
[10:27:13,609] [INFO] MainThreadProcessor.process --> 收到客户端消息, msgClazz = org.tinygame.herostory.msg.GameMsgProtocol$WhoElseIsHereCmd
[10:27:14,663] [INFO] MainThreadProcessor.process --> 收到客户端消息, msgClazz = org.tinygame.herostory.msg.GameMsgProtocol$UserMoveToCmd
[10:27:15,418] [INFO] MainThreadProcessor.process --> 收到客户端消息, msgClazz = org.tinygame.herostory.msg.GameMsgProtocol$UserMoveToCmd
[10:27:16,246] [INFO] MainThreadProcessor.process --> 收到客户端消息, msgClazz = org.tinygame.herostory.msg.GameMsgProtocol$UserMoveToCmd
[10:27:17,452] [INFO] MainThreadProcessor.process --> 收到客户端消息, msgClazz = org.tinygame.herostory.msg.GameMsgProtocol$UserMoveToCmd
[10:27:18,068] [INFO] MainThreadProcessor.process --> 收到客户端消息, msgClazz = org.tinygame.herostory.msg.GameMsgProtocol$UserMoveToCmd
[10:27:18,714] [INFO] MainThreadProcessor.process --> 收到客户端消息, msgClazz = org.tinygame.herostory.msg.GameMsgProtocol$UserAttkCmd
[10:27:19,748] [INFO] MainThreadProcessor.process --> 收到客户端消息, msgClazz = org.tinygame.herostory.msg.GameMsgProtocol$UserMoveToCmd
[10:27:20,268] [INFO] MainThreadProcessor.process --> 收到客户端消息, msgClazz = org.tinygame.herostory.msg.GameMsgProtocol$UserMoveToCmd
[10:27:20,819] [INFO] MainThreadProcessor.process --> 收到客户端消息, msgClazz = org.tinygame.herostory.msg.GameMsgProtocol$UserAttkCmd
[10:27:20,823] [INFO] UserAttkCmdHandler.handle --> 当前线程 = MainThreadProcessor
[10:27:29,765] [INFO] MainThreadProcessor.process --> 收到客户端消息, msgClazz = org.tinygame.herostory.msg.GameMsgProtocol$UserAttkCmd
[10:27:29,766] [INFO] UserAttkCmdHandler.handle --> 当前线程 = MainThreadProcessor
[15:38:45,074] [INFO] CmdHandlerFactory.init --> ==== 完成 Cmd 和 Handler 的关联 ====
[15:38:45,206] [INFO] CmdHandlerFactory.init --> 关联 org.tinygame.herostory.msg.GameMsgProtocol$WhoElseIsHereCmd <==> org.tinygame.herostory.cmdHandler.WhoElseIsHereCmdHandler
[15:38:45,210] [INFO] CmdHandlerFactory.init --> 关联 org.tinygame.herostory.msg.GameMsgProtocol$UserEntryCmd <==> org.tinygame.herostory.cmdHandler.UserEntryCmdHandler
[15:38:45,212] [INFO] CmdHandlerFactory.init --> 关联 org.tinygame.herostory.msg.GameMsgProtocol$UserLoginCmd <==> org.tinygame.herostory.cmdHandler.UserLoginCmdHandler
[15:38:45,221] [INFO] CmdHandlerFactory.init --> 关联 org.tinygame.herostory.msg.GameMsgProtocol$UserMoveToCmd <==> org.tinygame.herostory.cmdHandler.UserMoveToCmdHandler
[15:38:45,226] [INFO] CmdHandlerFactory.init --> 关联 org.tinygame.herostory.msg.GameMsgProtocol$UserAttkCmd <==> org.tinygame.herostory.cmdHandler.UserAttkCmdHandler
[15:38:45,230] [INFO] GameMsgRecognizer.init --> ==== 完成 MsgBody 和 MsgCode 的关联 ====
[15:38:45,401] [INFO] GameMsgRecognizer.init --> 关联 org.tinygame.herostory.msg.GameMsgProtocol$SelectHeroResult <==> 16
[15:38:45,406] [INFO] GameMsgRecognizer.init --> 关联 org.tinygame.herostory.msg.GameMsgProtocol$SelectHeroCmd <==> 15
[15:38:45,409] [INFO] GameMsgRecognizer.init --> 关联 org.tinygame.herostory.msg.GameMsgProtocol$UserLoginResult <==> 14
[15:38:45,411] [INFO] GameMsgRecognizer.init --> 关联 org.tinygame.herostory.msg.GameMsgProtocol$UserLoginCmd <==> 13
[15:38:45,414] [INFO] GameMsgRecognizer.init --> 关联 org.tinygame.herostory.msg.GameMsgProtocol$UserDieResult <==> 12
[15:38:45,420] [INFO] GameMsgRecognizer.init --> 关联 org.tinygame.herostory.msg.GameMsgProtocol$UserSubtractHpResult <==> 11
[15:38:45,422] [INFO] GameMsgRecognizer.init --> 关联 org.tinygame.herostory.msg.GameMsgProtocol$UserAttkResult <==> 10
[15:38:45,425] [INFO] GameMsgRecognizer.init --> 关联 org.tinygame.herostory.msg.GameMsgProtocol$UserAttkCmd <==> 9
[15:38:45,428] [INFO] GameMsgRecognizer.init --> 关联 org.tinygame.herostory.msg.GameMsgProtocol$UserStopResult <==> 8
[15:38:45,437] [INFO] GameMsgRecognizer.init --> 关联 org.tinygame.herostory.msg.GameMsgProtocol$UserStopCmd <==> 7
[15:38:45,440] [INFO] GameMsgRecognizer.init --> 关联 org.tinygame.herostory.msg.GameMsgProtocol$UserQuitResult <==> 6
[15:38:45,443] [INFO] GameMsgRecognizer.init --> 关联 org.tinygame.herostory.msg.GameMsgProtocol$UserMoveToResult <==> 5
[15:38:45,446] [INFO] GameMsgRecognizer.init --> 关联 org.tinygame.herostory.msg.GameMsgProtocol$UserMoveToCmd <==> 4
[15:38:45,454] [INFO] GameMsgRecognizer.init --> 关联 org.tinygame.herostory.msg.GameMsgProtocol$WhoElseIsHereResult <==> 3
[15:38:45,457] [INFO] GameMsgRecognizer.init --> 关联 org.tinygame.herostory.msg.GameMsgProtocol$WhoElseIsHereCmd <==> 2
[15:38:45,463] [INFO] GameMsgRecognizer.init --> 关联 org.tinygame.herostory.msg.GameMsgProtocol$UserEntryResult <==> 1
[15:38:45,467] [INFO] GameMsgRecognizer.init --> 关联 org.tinygame.herostory.msg.GameMsgProtocol$UserEntryCmd <==> 0
[15:38:46,596] [INFO] ServerMain.main --> 服务器启动成功!
[15:40:18,309] [INFO] CmdHandlerFactory.init --> ==== 完成 Cmd 和 Handler 的关联 ====
[15:40:18,431] [INFO] CmdHandlerFactory.init --> 关联 org.tinygame.herostory.msg.GameMsgProtocol$WhoElseIsHereCmd <==> org.tinygame.herostory.cmdHandler.WhoElseIsHereCmdHandler
[15:40:18,433] [INFO] CmdHandlerFactory.init --> 关联 org.tinygame.herostory.msg.GameMsgProtocol$UserEntryCmd <==> org.tinygame.herostory.cmdHandler.UserEntryCmdHandler
[15:40:18,436] [INFO] CmdHandlerFactory.init --> 关联 org.tinygame.herostory.msg.GameMsgProtocol$UserLoginCmd <==> org.tinygame.herostory.cmdHandler.UserLoginCmdHandler
[15:40:18,446] [INFO] CmdHandlerFactory.init --> 关联 org.tinygame.herostory.msg.GameMsgProtocol$UserMoveToCmd <==> org.tinygame.herostory.cmdHandler.UserMoveToCmdHandler
[15:40:18,450] [INFO] CmdHandlerFactory.init --> 关联 org.tinygame.herostory.msg.GameMsgProtocol$UserAttkCmd <==> org.tinygame.herostory.cmdHandler.UserAttkCmdHandler
[15:40:18,458] [INFO] GameMsgRecognizer.init --> ==== 完成 MsgBody 和 MsgCode 的关联 ====
[15:40:18,578] [INFO] GameMsgRecognizer.init --> 关联 org.tinygame.herostory.msg.GameMsgProtocol$SelectHeroResult <==> 16
[15:40:18,582] [INFO] GameMsgRecognizer.init --> 关联 org.tinygame.herostory.msg.GameMsgProtocol$SelectHeroCmd <==> 15
[15:40:18,585] [INFO] GameMsgRecognizer.init --> 关联 org.tinygame.herostory.msg.GameMsgProtocol$UserLoginResult <==> 14
[15:40:18,590] [INFO] GameMsgRecognizer.init --> 关联 org.tinygame.herostory.msg.GameMsgProtocol$UserLoginCmd <==> 13
[15:40:18,593] [INFO] GameMsgRecognizer.init --> 关联 org.tinygame.herostory.msg.GameMsgProtocol$UserDieResult <==> 12
[15:40:18,596] [INFO] GameMsgRecognizer.init --> 关联 org.tinygame.herostory.msg.GameMsgProtocol$UserSubtractHpResult <==> 11
[15:40:18,602] [INFO] GameMsgRecognizer.init --> 关联 org.tinygame.herostory.msg.GameMsgProtocol$UserAttkResult <==> 10
[15:40:18,610] [INFO] GameMsgRecognizer.init --> 关联 org.tinygame.herostory.msg.GameMsgProtocol$UserAttkCmd <==> 9
[15:40:18,613] [INFO] GameMsgRecognizer.init --> 关联 org.tinygame.herostory.msg.GameMsgProtocol$UserStopResult <==> 8
[15:40:18,619] [INFO] GameMsgRecognizer.init --> 关联 org.tinygame.herostory.msg.GameMsgProtocol$UserStopCmd <==> 7
[15:40:18,626] [INFO] GameMsgRecognizer.init --> 关联 org.tinygame.herostory.msg.GameMsgProtocol$UserQuitResult <==> 6
[15:40:18,628] [INFO] GameMsgRecognizer.init --> 关联 org.tinygame.herostory.msg.GameMsgProtocol$UserMoveToResult <==> 5
[15:40:18,632] [INFO] GameMsgRecognizer.init --> 关联 org.tinygame.herostory.msg.GameMsgProtocol$UserMoveToCmd <==> 4
[15:40:18,642] [INFO] GameMsgRecognizer.init --> 关联 org.tinygame.herostory.msg.GameMsgProtocol$WhoElseIsHereResult <==> 3
[15:40:18,646] [INFO] GameMsgRecognizer.init --> 关联 org.tinygame.herostory.msg.GameMsgProtocol$WhoElseIsHereCmd <==> 2
[15:40:18,649] [INFO] GameMsgRecognizer.init --> 关联 org.tinygame.herostory.msg.GameMsgProtocol$UserEntryResult <==> 1
[15:40:18,652] [INFO] GameMsgRecognizer.init --> 关联 org.tinygame.herostory.msg.GameMsgProtocol$UserEntryCmd <==> 0
[15:40:19,705] [INFO] ServerMain.main --> 服务器启动成功!
[15:40:29,489] [INFO] CmdHandlerFactory.init --> ==== 完成 Cmd 和 Handler 的关联 ====
[15:40:29,619] [INFO] CmdHandlerFactory.init --> 关联 org.tinygame.herostory.msg.GameMsgProtocol$WhoElseIsHereCmd <==> org.tinygame.herostory.cmdHandler.WhoElseIsHereCmdHandler
[15:40:29,626] [INFO] CmdHandlerFactory.init --> 关联 org.tinygame.herostory.msg.GameMsgProtocol$UserEntryCmd <==> org.tinygame.herostory.cmdHandler.UserEntryCmdHandler
[15:40:29,628] [INFO] CmdHandlerFactory.init --> 关联 org.tinygame.herostory.msg.GameMsgProtocol$UserLoginCmd <==> org.tinygame.herostory.cmdHandler.UserLoginCmdHandler
[15:40:29,632] [INFO] CmdHandlerFactory.init --> 关联 org.tinygame.herostory.msg.GameMsgProtocol$UserMoveToCmd <==> org.tinygame.herostory.cmdHandler.UserMoveToCmdHandler
[15:40:29,634] [INFO] CmdHandlerFactory.init --> 关联 org.tinygame.herostory.msg.GameMsgProtocol$UserAttkCmd <==> org.tinygame.herostory.cmdHandler.UserAttkCmdHandler
[15:40:29,644] [INFO] GameMsgRecognizer.init --> ==== 完成 MsgBody 和 MsgCode 的关联 ====
[15:40:29,797] [INFO] GameMsgRecognizer.init --> 关联 org.tinygame.herostory.msg.GameMsgProtocol$SelectHeroResult <==> 16
[15:40:29,800] [INFO] GameMsgRecognizer.init --> 关联 org.tinygame.herostory.msg.GameMsgProtocol$SelectHeroCmd <==> 15
[15:40:29,803] [INFO] GameMsgRecognizer.init --> 关联 org.tinygame.herostory.msg.GameMsgProtocol$UserLoginResult <==> 14
[15:40:29,808] [INFO] GameMsgRecognizer.init --> 关联 org.tinygame.herostory.msg.GameMsgProtocol$UserLoginCmd <==> 13
[15:40:29,812] [INFO] GameMsgRecognizer.init --> 关联 org.tinygame.herostory.msg.GameMsgProtocol$UserDieResult <==> 12
[15:40:29,816] [INFO] GameMsgRecognizer.init --> 关联 org.tinygame.herostory.msg.GameMsgProtocol$UserSubtractHpResult <==> 11
[15:40:29,820] [INFO] GameMsgRecognizer.init --> 关联 org.tinygame.herostory.msg.GameMsgProtocol$UserAttkResult <==> 10
[15:40:29,825] [INFO] GameMsgRecognizer.init --> 关联 org.tinygame.herostory.msg.GameMsgProtocol$UserAttkCmd <==> 9
[15:40:29,829] [INFO] GameMsgRecognizer.init --> 关联 org.tinygame.herostory.msg.GameMsgProtocol$UserStopResult <==> 8
[15:40:29,842] [INFO] GameMsgRecognizer.init --> 关联 org.tinygame.herostory.msg.GameMsgProtocol$UserStopCmd <==> 7
[15:40:29,845] [INFO] GameMsgRecognizer.init --> 关联 org.tinygame.herostory.msg.GameMsgProtocol$UserQuitResult <==> 6
[15:40:29,848] [INFO] GameMsgRecognizer.init --> 关联 org.tinygame.herostory.msg.GameMsgProtocol$UserMoveToResult <==> 5
[15:40:29,851] [INFO] GameMsgRecognizer.init --> 关联 org.tinygame.herostory.msg.GameMsgProtocol$UserMoveToCmd <==> 4
[15:40:29,858] [INFO] GameMsgRecognizer.init --> 关联 org.tinygame.herostory.msg.GameMsgProtocol$WhoElseIsHereResult <==> 3
[15:40:29,860] [INFO] GameMsgRecognizer.init --> 关联 org.tinygame.herostory.msg.GameMsgProtocol$WhoElseIsHereCmd <==> 2
[15:40:29,863] [INFO] GameMsgRecognizer.init --> 关联 org.tinygame.herostory.msg.GameMsgProtocol$UserEntryResult <==> 1
[15:40:29,866] [INFO] GameMsgRecognizer.init --> 关联 org.tinygame.herostory.msg.GameMsgProtocol$UserEntryCmd <==> 0
[15:40:31,038] [INFO] ServerMain.main --> 服务器启动成功!
[15:40:49,252] [INFO] MainThreadProcessor.process --> 收到客户端消息, msgClazz = org.tinygame.herostory.msg.GameMsgProtocol$UserLoginCmd
[15:40:49,256] [INFO] UserLoginCmdHandler.handle --> 用户登陆, userName = test, password = 1
[15:40:55,015] [INFO] MainThreadProcessor.process --> 收到客户端消息, msgClazz = org.tinygame.herostory.msg.GameMsgProtocol$UserLoginCmd
[15:40:55,015] [INFO] UserLoginCmdHandler.handle --> 用户登陆, userName = test, password = 1
[16:26:37,576] [INFO] CmdHandlerFactory.init --> ==== 完成 Cmd 和 Handler 的关联 ====
[16:26:37,716] [INFO] CmdHandlerFactory.init --> 关联 org.tinygame.herostory.msg.GameMsgProtocol$UserAttkCmd <==> org.tinygame.herostory.cmdHandler.UserAttkCmdHandler
[16:26:37,716] [INFO] CmdHandlerFactory.init --> 关联 org.tinygame.herostory.msg.GameMsgProtocol$UserEntryCmd <==> org.tinygame.herostory.cmdHandler.UserEntryCmdHandler
[16:26:37,716] [INFO] CmdHandlerFactory.init --> 关联 org.tinygame.herostory.msg.GameMsgProtocol$UserLoginCmd <==> org.tinygame.herostory.cmdHandler.UserLoginCmdHandler
[16:26:37,732] [INFO] CmdHandlerFactory.init --> 关联 org.tinygame.herostory.msg.GameMsgProtocol$UserMoveToCmd <==> org.tinygame.herostory.cmdHandler.UserMoveToCmdHandler
[16:26:37,732] [INFO] CmdHandlerFactory.init --> 关联 org.tinygame.herostory.msg.GameMsgProtocol$WhoElseIsHereCmd <==> org.tinygame.herostory.cmdHandler.WhoElseIsHereCmdHandler
[16:26:37,732] [INFO] GameMsgRecognizer.init --> ==== 完成 MsgBody 和 MsgCode 的关联 ====
[16:26:37,810] [INFO] GameMsgRecognizer.init --> 关联 org.tinygame.herostory.msg.GameMsgProtocol$SelectHeroResult <==> 16
[16:26:37,810] [INFO] GameMsgRecognizer.init --> 关联 org.tinygame.herostory.msg.GameMsgProtocol$SelectHeroCmd <==> 15
[16:26:37,810] [INFO] GameMsgRecognizer.init --> 关联 org.tinygame.herostory.msg.GameMsgProtocol$UserLoginResult <==> 14
[16:26:37,826] [INFO] GameMsgRecognizer.init --> 关联 org.tinygame.herostory.msg.GameMsgProtocol$UserLoginCmd <==> 13
[16:26:37,826] [INFO] GameMsgRecognizer.init --> 关联 org.tinygame.herostory.msg.GameMsgProtocol$UserDieResult <==> 12
[16:26:37,826] [INFO] GameMsgRecognizer.init --> 关联 org.tinygame.herostory.msg.GameMsgProtocol$UserSubtractHpResult <==> 11
[16:26:37,826] [INFO] GameMsgRecognizer.init --> 关联 org.tinygame.herostory.msg.GameMsgProtocol$UserAttkResult <==> 10
[16:26:37,841] [INFO] GameMsgRecognizer.init --> 关联 org.tinygame.herostory.msg.GameMsgProtocol$UserAttkCmd <==> 9
[16:26:37,841] [INFO] GameMsgRecognizer.init --> 关联 org.tinygame.herostory.msg.GameMsgProtocol$UserStopResult <==> 8
[16:26:37,841] [INFO] GameMsgRecognizer.init --> 关联 org.tinygame.herostory.msg.GameMsgProtocol$UserStopCmd <==> 7
[16:26:37,841] [INFO] GameMsgRecognizer.init --> 关联 org.tinygame.herostory.msg.GameMsgProtocol$UserQuitResult <==> 6
[16:26:37,841] [INFO] GameMsgRecognizer.init --> 关联 org.tinygame.herostory.msg.GameMsgProtocol$UserMoveToResult <==> 5
[16:26:37,857] [INFO] GameMsgRecognizer.init --> 关联 org.tinygame.herostory.msg.GameMsgProtocol$UserMoveToCmd <==> 4
[16:26:37,857] [INFO] GameMsgRecognizer.init --> 关联 org.tinygame.herostory.msg.GameMsgProtocol$WhoElseIsHereResult <==> 3
[16:26:37,857] [INFO] GameMsgRecognizer.init --> 关联 org.tinygame.herostory.msg.GameMsgProtocol$WhoElseIsHereCmd <==> 2
[16:26:37,857] [INFO] GameMsgRecognizer.init --> 关联 org.tinygame.herostory.msg.GameMsgProtocol$UserEntryResult <==> 1
[16:26:37,857] [INFO] GameMsgRecognizer.init --> 关联 org.tinygame.herostory.msg.GameMsgProtocol$UserEntryCmd <==> 0
[16:27:46,032] [INFO] CmdHandlerFactory.init --> ==== 完成 Cmd 和 Handler 的关联 ====
[16:27:46,125] [INFO] CmdHandlerFactory.init --> 关联 org.tinygame.herostory.msg.GameMsgProtocol$UserAttkCmd <==> org.tinygame.herostory.cmdHandler.UserAttkCmdHandler
[16:27:46,125] [INFO] CmdHandlerFactory.init --> 关联 org.tinygame.herostory.msg.GameMsgProtocol$UserEntryCmd <==> org.tinygame.herostory.cmdHandler.UserEntryCmdHandler
[16:27:46,125] [INFO] CmdHandlerFactory.init --> 关联 org.tinygame.herostory.msg.GameMsgProtocol$UserLoginCmd <==> org.tinygame.herostory.cmdHandler.UserLoginCmdHandler
[16:27:46,141] [INFO] CmdHandlerFactory.init --> 关联 org.tinygame.herostory.msg.GameMsgProtocol$UserMoveToCmd <==> org.tinygame.herostory.cmdHandler.UserMoveToCmdHandler
[16:27:46,141] [INFO] CmdHandlerFactory.init --> 关联 org.tinygame.herostory.msg.GameMsgProtocol$WhoElseIsHereCmd <==> org.tinygame.herostory.cmdHandler.WhoElseIsHereCmdHandler
[16:27:46,141] [INFO] GameMsgRecognizer.init --> ==== 完成 MsgBody 和 MsgCode 的关联 ====
[16:27:46,266] [INFO] GameMsgRecognizer.init --> 关联 org.tinygame.herostory.msg.GameMsgProtocol$SelectHeroResult <==> 16
[16:27:46,285] [INFO] GameMsgRecognizer.init --> 关联 org.tinygame.herostory.msg.GameMsgProtocol$SelectHeroCmd <==> 15
[16:27:46,285] [INFO] GameMsgRecognizer.init --> 关联 org.tinygame.herostory.msg.GameMsgProtocol$UserLoginResult <==> 14
[16:27:46,285] [INFO] GameMsgRecognizer.init --> 关联 org.tinygame.herostory.msg.GameMsgProtocol$UserLoginCmd <==> 13
[16:27:46,285] [INFO] GameMsgRecognizer.init --> 关联 org.tinygame.herostory.msg.GameMsgProtocol$UserDieResult <==> 12
[16:27:46,285] [INFO] GameMsgRecognizer.init --> 关联 org.tinygame.herostory.msg.GameMsgProtocol$UserSubtractHpResult <==> 11
[16:27:46,300] [INFO] GameMsgRecognizer.init --> 关联 org.tinygame.herostory.msg.GameMsgProtocol$UserAttkResult <==> 10
[16:27:46,300] [INFO] GameMsgRecognizer.init --> 关联 org.tinygame.herostory.msg.GameMsgProtocol$UserAttkCmd <==> 9
[16:27:46,300] [INFO] GameMsgRecognizer.init --> 关联 org.tinygame.herostory.msg.GameMsgProtocol$UserStopResult <==> 8
[16:27:46,300] [INFO] GameMsgRecognizer.init --> 关联 org.tinygame.herostory.msg.GameMsgProtocol$UserStopCmd <==> 7
[16:27:46,300] [INFO] GameMsgRecognizer.init --> 关联 org.tinygame.herostory.msg.GameMsgProtocol$UserQuitResult <==> 6
[16:27:46,316] [INFO] GameMsgRecognizer.init --> 关联 org.tinygame.herostory.msg.GameMsgProtocol$UserMoveToResult <==> 5
[16:27:46,316] [INFO] GameMsgRecognizer.init --> 关联 org.tinygame.herostory.msg.GameMsgProtocol$UserMoveToCmd <==> 4
[16:27:46,316] [INFO] GameMsgRecognizer.init --> 关联 org.tinygame.herostory.msg.GameMsgProtocol$WhoElseIsHereResult <==> 3
[16:27:46,316] [INFO] GameMsgRecognizer.init --> 关联 org.tinygame.herostory.msg.GameMsgProtocol$WhoElseIsHereCmd <==> 2
[16:27:46,331] [INFO] GameMsgRecognizer.init --> 关联 org.tinygame.herostory.msg.GameMsgProtocol$UserEntryResult <==> 1
[16:27:46,331] [INFO] GameMsgRecognizer.init --> 关联 org.tinygame.herostory.msg.GameMsgProtocol$UserEntryCmd <==> 0
[16:27:47,550] [INFO] ServerMain.main --> 服务器启动成功!
[16:28:12,333] [INFO] MainThreadProcessor.process --> 收到客户端消息, msgClazz = org.tinygame.herostory.msg.GameMsgProtocol$UserLoginCmd
[16:28:12,337] [INFO] UserLoginCmdHandler.handle --> 用户登陆, userName = test, password = 1
[16:28:12,352] [ERROR] LoginService.userLogin --> Type interface org.tinygame.herostory.login.db.IUserDao is not known to the MapperRegistry.
org.apache.ibatis.binding.BindingException: Type interface org.tinygame.herostory.login.db.IUserDao is not known to the MapperRegistry.
	at org.apache.ibatis.binding.MapperRegistry.getMapper(MapperRegistry.java:47)
	at org.apache.ibatis.session.Configuration.getMapper(Configuration.java:779)
	at org.apache.ibatis.session.defaults.DefaultSqlSession.getMapper(DefaultSqlSession.java:291)
	at org.tinygame.herostory.login.LoginService.userLogin(LoginService.java:57)
	at org.tinygame.herostory.cmdHandler.UserLoginCmdHandler.handle(UserLoginCmdHandler.java:42)
	at org.tinygame.herostory.cmdHandler.UserLoginCmdHandler.handle(UserLoginCmdHandler.java:16)
	at org.tinygame.herostory.MainThreadProcessor.lambda$process$1(MainThreadProcessor.java:86)
	at java.util.concurrent.Executors$RunnableAdapter.call(Executors.java:511)
	at java.util.concurrent.FutureTask.run(FutureTask.java:266)
	at java.util.concurrent.ThreadPoolExecutor.runWorker(ThreadPoolExecutor.java:1149)
	at java.util.concurrent.ThreadPoolExecutor$Worker.run(ThreadPoolExecutor.java:624)
	at java.lang.Thread.run(Thread.java:748)
[16:28:12,355] [ERROR] UserLoginCmdHandler.handle --> 用户登陆失败, userName = test
[16:29:42,732] [INFO] CmdHandlerFactory.init --> ==== 完成 Cmd 和 Handler 的关联 ====
[16:29:42,868] [INFO] CmdHandlerFactory.init --> 关联 org.tinygame.herostory.msg.GameMsgProtocol$UserAttkCmd <==> org.tinygame.herostory.cmdHandler.UserAttkCmdHandler
[16:29:42,873] [INFO] CmdHandlerFactory.init --> 关联 org.tinygame.herostory.msg.GameMsgProtocol$UserEntryCmd <==> org.tinygame.herostory.cmdHandler.UserEntryCmdHandler
[16:29:42,875] [INFO] CmdHandlerFactory.init --> 关联 org.tinygame.herostory.msg.GameMsgProtocol$UserLoginCmd <==> org.tinygame.herostory.cmdHandler.UserLoginCmdHandler
[16:29:42,878] [INFO] CmdHandlerFactory.init --> 关联 org.tinygame.herostory.msg.GameMsgProtocol$UserMoveToCmd <==> org.tinygame.herostory.cmdHandler.UserMoveToCmdHandler
[16:29:42,880] [INFO] CmdHandlerFactory.init --> 关联 org.tinygame.herostory.msg.GameMsgProtocol$WhoElseIsHereCmd <==> org.tinygame.herostory.cmdHandler.WhoElseIsHereCmdHandler
[16:29:42,891] [INFO] GameMsgRecognizer.init --> ==== 完成 MsgBody 和 MsgCode 的关联 ====
[16:29:43,029] [INFO] GameMsgRecognizer.init --> 关联 org.tinygame.herostory.msg.GameMsgProtocol$SelectHeroResult <==> 16
[16:29:43,039] [INFO] GameMsgRecognizer.init --> 关联 org.tinygame.herostory.msg.GameMsgProtocol$SelectHeroCmd <==> 15
[16:29:43,042] [INFO] GameMsgRecognizer.init --> 关联 org.tinygame.herostory.msg.GameMsgProtocol$UserLoginResult <==> 14
[16:29:43,046] [INFO] GameMsgRecognizer.init --> 关联 org.tinygame.herostory.msg.GameMsgProtocol$UserLoginCmd <==> 13
[16:29:43,054] [INFO] GameMsgRecognizer.init --> 关联 org.tinygame.herostory.msg.GameMsgProtocol$UserDieResult <==> 12
[16:29:43,057] [INFO] GameMsgRecognizer.init --> 关联 org.tinygame.herostory.msg.GameMsgProtocol$UserSubtractHpResult <==> 11
[16:29:43,060] [INFO] GameMsgRecognizer.init --> 关联 org.tinygame.herostory.msg.GameMsgProtocol$UserAttkResult <==> 10
[16:29:43,064] [INFO] GameMsgRecognizer.init --> 关联 org.tinygame.herostory.msg.GameMsgProtocol$UserAttkCmd <==> 9
[16:29:43,070] [INFO] GameMsgRecognizer.init --> 关联 org.tinygame.herostory.msg.GameMsgProtocol$UserStopResult <==> 8
[16:29:43,074] [INFO] GameMsgRecognizer.init --> 关联 org.tinygame.herostory.msg.GameMsgProtocol$UserStopCmd <==> 7
[16:29:43,077] [INFO] GameMsgRecognizer.init --> 关联 org.tinygame.herostory.msg.GameMsgProtocol$UserQuitResult <==> 6
[16:29:43,079] [INFO] GameMsgRecognizer.init --> 关联 org.tinygame.herostory.msg.GameMsgProtocol$UserMoveToResult <==> 5
[16:29:43,086] [INFO] GameMsgRecognizer.init --> 关联 org.tinygame.herostory.msg.GameMsgProtocol$UserMoveToCmd <==> 4
[16:29:43,090] [INFO] GameMsgRecognizer.init --> 关联 org.tinygame.herostory.msg.GameMsgProtocol$WhoElseIsHereResult <==> 3
[16:29:43,094] [INFO] GameMsgRecognizer.init --> 关联 org.tinygame.herostory.msg.GameMsgProtocol$WhoElseIsHereCmd <==> 2
[16:29:43,105] [INFO] GameMsgRecognizer.init --> 关联 org.tinygame.herostory.msg.GameMsgProtocol$UserEntryResult <==> 1
[16:29:43,113] [INFO] GameMsgRecognizer.init --> 关联 org.tinygame.herostory.msg.GameMsgProtocol$UserEntryCmd <==> 0
[16:29:45,135] [INFO] ServerMain.main --> 服务器启动成功!
[16:29:53,635] [INFO] MainThreadProcessor.process --> 收到客户端消息, msgClazz = org.tinygame.herostory.msg.GameMsgProtocol$UserLoginCmd
[16:29:53,637] [INFO] UserLoginCmdHandler.handle --> 用户登陆, userName = test, password = 1
[16:31:36,903] [INFO] CmdHandlerFactory.init --> ==== 完成 Cmd 和 Handler 的关联 ====
[16:31:37,054] [INFO] CmdHandlerFactory.init --> 关联 org.tinygame.herostory.msg.GameMsgProtocol$UserAttkCmd <==> org.tinygame.herostory.cmdHandler.UserAttkCmdHandler
[16:31:37,060] [INFO] CmdHandlerFactory.init --> 关联 org.tinygame.herostory.msg.GameMsgProtocol$UserEntryCmd <==> org.tinygame.herostory.cmdHandler.UserEntryCmdHandler
[16:31:37,063] [INFO] CmdHandlerFactory.init --> 关联 org.tinygame.herostory.msg.GameMsgProtocol$UserLoginCmd <==> org.tinygame.herostory.cmdHandler.UserLoginCmdHandler
[16:31:37,065] [INFO] CmdHandlerFactory.init --> 关联 org.tinygame.herostory.msg.GameMsgProtocol$UserMoveToCmd <==> org.tinygame.herostory.cmdHandler.UserMoveToCmdHandler
[16:31:37,074] [INFO] CmdHandlerFactory.init --> 关联 org.tinygame.herostory.msg.GameMsgProtocol$WhoElseIsHereCmd <==> org.tinygame.herostory.cmdHandler.WhoElseIsHereCmdHandler
[16:31:37,077] [INFO] GameMsgRecognizer.init --> ==== 完成 MsgBody 和 MsgCode 的关联 ====
[16:31:37,209] [INFO] GameMsgRecognizer.init --> 关联 org.tinygame.herostory.msg.GameMsgProtocol$SelectHeroResult <==> 16
[16:31:37,213] [INFO] GameMsgRecognizer.init --> 关联 org.tinygame.herostory.msg.GameMsgProtocol$SelectHeroCmd <==> 15
[16:31:37,217] [INFO] GameMsgRecognizer.init --> 关联 org.tinygame.herostory.msg.GameMsgProtocol$UserLoginResult <==> 14
[16:31:37,222] [INFO] GameMsgRecognizer.init --> 关联 org.tinygame.herostory.msg.GameMsgProtocol$UserLoginCmd <==> 13
[16:31:37,226] [INFO] GameMsgRecognizer.init --> 关联 org.tinygame.herostory.msg.GameMsgProtocol$UserDieResult <==> 12
[16:31:37,229] [INFO] GameMsgRecognizer.init --> 关联 org.tinygame.herostory.msg.GameMsgProtocol$UserSubtractHpResult <==> 11
[16:31:37,232] [INFO] GameMsgRecognizer.init --> 关联 org.tinygame.herostory.msg.GameMsgProtocol$UserAttkResult <==> 10
[16:31:37,237] [INFO] GameMsgRecognizer.init --> 关联 org.tinygame.herostory.msg.GameMsgProtocol$UserAttkCmd <==> 9
[16:31:37,240] [INFO] GameMsgRecognizer.init --> 关联 org.tinygame.herostory.msg.GameMsgProtocol$UserStopResult <==> 8
[16:31:37,247] [INFO] GameMsgRecognizer.init --> 关联 org.tinygame.herostory.msg.GameMsgProtocol$UserStopCmd <==> 7
[16:31:37,256] [INFO] GameMsgRecognizer.init --> 关联 org.tinygame.herostory.msg.GameMsgProtocol$UserQuitResult <==> 6
[16:31:37,259] [INFO] GameMsgRecognizer.init --> 关联 org.tinygame.herostory.msg.GameMsgProtocol$UserMoveToResult <==> 5
[16:31:37,261] [INFO] GameMsgRecognizer.init --> 关联 org.tinygame.herostory.msg.GameMsgProtocol$UserMoveToCmd <==> 4
[16:31:37,268] [INFO] GameMsgRecognizer.init --> 关联 org.tinygame.herostory.msg.GameMsgProtocol$WhoElseIsHereResult <==> 3
[16:31:37,272] [INFO] GameMsgRecognizer.init --> 关联 org.tinygame.herostory.msg.GameMsgProtocol$WhoElseIsHereCmd <==> 2
[16:31:37,276] [INFO] GameMsgRecognizer.init --> 关联 org.tinygame.herostory.msg.GameMsgProtocol$UserEntryResult <==> 1
[16:31:37,279] [INFO] GameMsgRecognizer.init --> 关联 org.tinygame.herostory.msg.GameMsgProtocol$UserEntryCmd <==> 0
[16:36:22,215] [INFO] CmdHandlerFactory.init --> ==== 完成 Cmd 和 Handler 的关联 ====
[16:36:22,374] [INFO] CmdHandlerFactory.init --> 关联 org.tinygame.herostory.msg.GameMsgProtocol$UserAttkCmd <==> org.tinygame.herostory.cmdHandler.UserAttkCmdHandler
[16:36:22,377] [INFO] CmdHandlerFactory.init --> 关联 org.tinygame.herostory.msg.GameMsgProtocol$UserEntryCmd <==> org.tinygame.herostory.cmdHandler.UserEntryCmdHandler
[16:36:22,381] [INFO] CmdHandlerFactory.init --> 关联 org.tinygame.herostory.msg.GameMsgProtocol$UserLoginCmd <==> org.tinygame.herostory.cmdHandler.UserLoginCmdHandler
[16:36:22,385] [INFO] CmdHandlerFactory.init --> 关联 org.tinygame.herostory.msg.GameMsgProtocol$UserMoveToCmd <==> org.tinygame.herostory.cmdHandler.UserMoveToCmdHandler
[16:36:22,387] [INFO] CmdHandlerFactory.init --> 关联 org.tinygame.herostory.msg.GameMsgProtocol$WhoElseIsHereCmd <==> org.tinygame.herostory.cmdHandler.WhoElseIsHereCmdHandler
[16:36:22,392] [INFO] GameMsgRecognizer.init --> ==== 完成 MsgBody 和 MsgCode 的关联 ====
[16:36:22,591] [INFO] GameMsgRecognizer.init --> 关联 org.tinygame.herostory.msg.GameMsgProtocol$SelectHeroResult <==> 16
[16:36:22,594] [INFO] GameMsgRecognizer.init --> 关联 org.tinygame.herostory.msg.GameMsgProtocol$SelectHeroCmd <==> 15
[16:36:22,601] [INFO] GameMsgRecognizer.init --> 关联 org.tinygame.herostory.msg.GameMsgProtocol$UserLoginResult <==> 14
[16:36:22,605] [INFO] GameMsgRecognizer.init --> 关联 org.tinygame.herostory.msg.GameMsgProtocol$UserLoginCmd <==> 13
[16:36:22,610] [INFO] GameMsgRecognizer.init --> 关联 org.tinygame.herostory.msg.GameMsgProtocol$UserDieResult <==> 12
[16:36:22,617] [INFO] GameMsgRecognizer.init --> 关联 org.tinygame.herostory.msg.GameMsgProtocol$UserSubtractHpResult <==> 11
[16:36:22,627] [INFO] GameMsgRecognizer.init --> 关联 org.tinygame.herostory.msg.GameMsgProtocol$UserAttkResult <==> 10
[16:36:22,632] [INFO] GameMsgRecognizer.init --> 关联 org.tinygame.herostory.msg.GameMsgProtocol$UserAttkCmd <==> 9
[16:36:22,636] [INFO] GameMsgRecognizer.init --> 关联 org.tinygame.herostory.msg.GameMsgProtocol$UserStopResult <==> 8
[16:36:22,642] [INFO] GameMsgRecognizer.init --> 关联 org.tinygame.herostory.msg.GameMsgProtocol$UserStopCmd <==> 7
[16:36:22,645] [INFO] GameMsgRecognizer.init --> 关联 org.tinygame.herostory.msg.GameMsgProtocol$UserQuitResult <==> 6
[16:36:22,651] [INFO] GameMsgRecognizer.init --> 关联 org.tinygame.herostory.msg.GameMsgProtocol$UserMoveToResult <==> 5
[16:36:22,655] [INFO] GameMsgRecognizer.init --> 关联 org.tinygame.herostory.msg.GameMsgProtocol$UserMoveToCmd <==> 4
[16:36:22,660] [INFO] GameMsgRecognizer.init --> 关联 org.tinygame.herostory.msg.GameMsgProtocol$WhoElseIsHereResult <==> 3
[16:36:22,666] [INFO] GameMsgRecognizer.init --> 关联 org.tinygame.herostory.msg.GameMsgProtocol$WhoElseIsHereCmd <==> 2
[16:36:22,670] [INFO] GameMsgRecognizer.init --> 关联 org.tinygame.herostory.msg.GameMsgProtocol$UserEntryResult <==> 1
[16:36:22,675] [INFO] GameMsgRecognizer.init --> 关联 org.tinygame.herostory.msg.GameMsgProtocol$UserEntryCmd <==> 0
[16:36:24,373] [INFO] ServerMain.main --> 服务器启动成功!
[16:36:34,596] [INFO] MainThreadProcessor.process --> 收到客户端消息, msgClazz = org.tinygame.herostory.msg.GameMsgProtocol$UserLoginCmd
[16:36:34,600] [INFO] UserLoginCmdHandler.handle --> 用户登陆, userName = test, password = 1
[16:36:44,808] [ERROR] LoginService.userLogin --> 
### Error querying database.  Cause: java.sql.SQLNonTransientConnectionException: Could not create connection to database server. Attempted reconnect 3 times. Giving up.
### The error may exist in org/tinygame/herostory/login/db/IUserDao.xml
### The error may involve org.tinygame.herostory.login.db.IUserDao.getUserByName
### The error occurred while executing a query
### Cause: java.sql.SQLNonTransientConnectionException: Could not create connection to database server. Attempted reconnect 3 times. Giving up.
org.apache.ibatis.exceptions.PersistenceException: 
### Error querying database.  Cause: java.sql.SQLNonTransientConnectionException: Could not create connection to database server. Attempted reconnect 3 times. Giving up.
### The error may exist in org/tinygame/herostory/login/db/IUserDao.xml
### The error may involve org.tinygame.herostory.login.db.IUserDao.getUserByName
### The error occurred while executing a query
### Cause: java.sql.SQLNonTransientConnectionException: Could not create connection to database server. Attempted reconnect 3 times. Giving up.
	at org.apache.ibatis.exceptions.ExceptionFactory.wrapException(ExceptionFactory.java:30)
	at org.apache.ibatis.session.defaults.DefaultSqlSession.selectList(DefaultSqlSession.java:149)
	at org.apache.ibatis.session.defaults.DefaultSqlSession.selectList(DefaultSqlSession.java:140)
	at org.apache.ibatis.session.defaults.DefaultSqlSession.selectOne(DefaultSqlSession.java:76)
	at org.apache.ibatis.binding.MapperMethod.execute(MapperMethod.java:87)
	at org.apache.ibatis.binding.MapperProxy.invoke(MapperProxy.java:93)
	at com.sun.proxy.$Proxy5.getUserByName(Unknown Source)
	at org.tinygame.herostory.login.LoginService.userLogin(LoginService.java:59)
	at org.tinygame.herostory.cmdHandler.UserLoginCmdHandler.handle(UserLoginCmdHandler.java:42)
	at org.tinygame.herostory.cmdHandler.UserLoginCmdHandler.handle(UserLoginCmdHandler.java:16)
	at org.tinygame.herostory.MainThreadProcessor.lambda$process$1(MainThreadProcessor.java:86)
	at java.util.concurrent.Executors$RunnableAdapter.call(Executors.java:511)
	at java.util.concurrent.FutureTask.run(FutureTask.java:266)
	at java.util.concurrent.ThreadPoolExecutor.runWorker(ThreadPoolExecutor.java:1149)
	at java.util.concurrent.ThreadPoolExecutor$Worker.run(ThreadPoolExecutor.java:624)
	at java.lang.Thread.run(Thread.java:748)
Caused by: java.sql.SQLNonTransientConnectionException: Could not create connection to database server. Attempted reconnect 3 times. Giving up.
	at com.mysql.cj.jdbc.exceptions.SQLError.createSQLException(SQLError.java:110)
	at com.mysql.cj.jdbc.exceptions.SQLError.createSQLException(SQLError.java:97)
	at com.mysql.cj.jdbc.exceptions.SQLError.createSQLException(SQLError.java:89)
	at com.mysql.cj.jdbc.exceptions.SQLError.createSQLException(SQLError.java:63)
	at com.mysql.cj.jdbc.exceptions.SQLError.createSQLException(SQLError.java:73)
	at com.mysql.cj.jdbc.ConnectionImpl.connectWithRetries(ConnectionImpl.java:906)
	at com.mysql.cj.jdbc.ConnectionImpl.createNewIO(ConnectionImpl.java:831)
	at com.mysql.cj.jdbc.ConnectionImpl.<init>(ConnectionImpl.java:456)
	at com.mysql.cj.jdbc.ConnectionImpl.getInstance(ConnectionImpl.java:246)
	at com.mysql.cj.jdbc.NonRegisteringDriver.connect(NonRegisteringDriver.java:199)
	at java.sql.DriverManager.getConnection(DriverManager.java:664)
	at java.sql.DriverManager.getConnection(DriverManager.java:208)
	at org.apache.ibatis.datasource.unpooled.UnpooledDataSource.doGetConnection(UnpooledDataSource.java:221)
	at org.apache.ibatis.datasource.unpooled.UnpooledDataSource.doGetConnection(UnpooledDataSource.java:216)
	at org.apache.ibatis.datasource.unpooled.UnpooledDataSource.getConnection(UnpooledDataSource.java:95)
	at org.apache.ibatis.datasource.pooled.PooledDataSource.popConnection(PooledDataSource.java:422)
	at org.apache.ibatis.datasource.pooled.PooledDataSource.getConnection(PooledDataSource.java:89)
	at org.apache.ibatis.transaction.jdbc.JdbcTransaction.openConnection(JdbcTransaction.java:138)
	at org.apache.ibatis.transaction.jdbc.JdbcTransaction.getConnection(JdbcTransaction.java:60)
	at org.apache.ibatis.executor.BaseExecutor.getConnection(BaseExecutor.java:336)
	at org.apache.ibatis.executor.SimpleExecutor.prepareStatement(SimpleExecutor.java:86)
	at org.apache.ibatis.executor.SimpleExecutor.doQuery(SimpleExecutor.java:62)
	at org.apache.ibatis.executor.BaseExecutor.queryFromDatabase(BaseExecutor.java:324)
	at org.apache.ibatis.executor.BaseExecutor.query(BaseExecutor.java:156)
	at org.apache.ibatis.executor.CachingExecutor.query(CachingExecutor.java:109)
	at org.apache.ibatis.executor.CachingExecutor.query(CachingExecutor.java:83)
	at org.apache.ibatis.session.defaults.DefaultSqlSession.selectList(DefaultSqlSession.java:147)
	... 14 more
Caused by: com.mysql.cj.exceptions.CJCommunicationsException: Communications link failure

The last packet sent successfully to the server was 0 milliseconds ago. The driver has not received any packets from the server.
	at sun.reflect.NativeConstructorAccessorImpl.newInstance0(Native Method)
	at sun.reflect.NativeConstructorAccessorImpl.newInstance(NativeConstructorAccessorImpl.java:62)
	at sun.reflect.DelegatingConstructorAccessorImpl.newInstance(DelegatingConstructorAccessorImpl.java:45)
	at java.lang.reflect.Constructor.newInstance(Constructor.java:423)
	at com.mysql.cj.exceptions.ExceptionFactory.createException(ExceptionFactory.java:61)
	at com.mysql.cj.exceptions.ExceptionFactory.createException(ExceptionFactory.java:105)
	at com.mysql.cj.exceptions.ExceptionFactory.createException(ExceptionFactory.java:151)
	at com.mysql.cj.exceptions.ExceptionFactory.createCommunicationsException(ExceptionFactory.java:167)
	at com.mysql.cj.protocol.a.NativeSocketConnection.connect(NativeSocketConnection.java:91)
	at com.mysql.cj.NativeSession.connect(NativeSession.java:144)
	at com.mysql.cj.jdbc.ConnectionImpl.connectWithRetries(ConnectionImpl.java:850)
	... 35 more
Caused by: java.net.ConnectException: Connection refused: connect
	at java.net.DualStackPlainSocketImpl.connect0(Native Method)
	at java.net.DualStackPlainSocketImpl.socketConnect(DualStackPlainSocketImpl.java:79)
	at java.net.AbstractPlainSocketImpl.doConnect(AbstractPlainSocketImpl.java:350)
	at java.net.AbstractPlainSocketImpl.connectToAddress(AbstractPlainSocketImpl.java:206)
	at java.net.AbstractPlainSocketImpl.connect(AbstractPlainSocketImpl.java:188)
	at java.net.PlainSocketImpl.connect(PlainSocketImpl.java:172)
	at java.net.SocksSocketImpl.connect(SocksSocketImpl.java:392)
	at java.net.Socket.connect(Socket.java:589)
	at com.mysql.cj.protocol.StandardSocketFactory.connect(StandardSocketFactory.java:155)
	at com.mysql.cj.protocol.a.NativeSocketConnection.connect(NativeSocketConnection.java:65)
	... 37 more
[16:36:44,817] [ERROR] UserLoginCmdHandler.handle --> 用户登陆失败, userName = test
[16:37:45,325] [INFO] CmdHandlerFactory.init --> ==== 完成 Cmd 和 Handler 的关联 ====
[16:37:45,411] [INFO] CmdHandlerFactory.init --> 关联 org.tinygame.herostory.msg.GameMsgProtocol$UserAttkCmd <==> org.tinygame.herostory.cmdHandler.UserAttkCmdHandler
[16:37:45,429] [INFO] CmdHandlerFactory.init --> 关联 org.tinygame.herostory.msg.GameMsgProtocol$UserEntryCmd <==> org.tinygame.herostory.cmdHandler.UserEntryCmdHandler
[16:37:45,429] [INFO] CmdHandlerFactory.init --> 关联 org.tinygame.herostory.msg.GameMsgProtocol$UserLoginCmd <==> org.tinygame.herostory.cmdHandler.UserLoginCmdHandler
[16:37:45,429] [INFO] CmdHandlerFactory.init --> 关联 org.tinygame.herostory.msg.GameMsgProtocol$UserMoveToCmd <==> org.tinygame.herostory.cmdHandler.UserMoveToCmdHandler
[16:37:45,429] [INFO] CmdHandlerFactory.init --> 关联 org.tinygame.herostory.msg.GameMsgProtocol$WhoElseIsHereCmd <==> org.tinygame.herostory.cmdHandler.WhoElseIsHereCmdHandler
[16:37:45,429] [INFO] GameMsgRecognizer.init --> ==== 完成 MsgBody 和 MsgCode 的关联 ====
[16:37:45,554] [INFO] GameMsgRecognizer.init --> 关联 org.tinygame.herostory.msg.GameMsgProtocol$SelectHeroResult <==> 16
[16:37:45,554] [INFO] GameMsgRecognizer.init --> 关联 org.tinygame.herostory.msg.GameMsgProtocol$SelectHeroCmd <==> 15
[16:37:45,569] [INFO] GameMsgRecognizer.init --> 关联 org.tinygame.herostory.msg.GameMsgProtocol$UserLoginResult <==> 14
[16:37:45,569] [INFO] GameMsgRecognizer.init --> 关联 org.tinygame.herostory.msg.GameMsgProtocol$UserLoginCmd <==> 13
[16:37:45,569] [INFO] GameMsgRecognizer.init --> 关联 org.tinygame.herostory.msg.GameMsgProtocol$UserDieResult <==> 12
[16:37:45,569] [INFO] GameMsgRecognizer.init --> 关联 org.tinygame.herostory.msg.GameMsgProtocol$UserSubtractHpResult <==> 11
[16:37:45,569] [INFO] GameMsgRecognizer.init --> 关联 org.tinygame.herostory.msg.GameMsgProtocol$UserAttkResult <==> 10
[16:37:45,585] [INFO] GameMsgRecognizer.init --> 关联 org.tinygame.herostory.msg.GameMsgProtocol$UserAttkCmd <==> 9
[16:37:45,585] [INFO] GameMsgRecognizer.init --> 关联 org.tinygame.herostory.msg.GameMsgProtocol$UserStopResult <==> 8
[16:37:45,585] [INFO] GameMsgRecognizer.init --> 关联 org.tinygame.herostory.msg.GameMsgProtocol$UserStopCmd <==> 7
[16:37:45,585] [INFO] GameMsgRecognizer.init --> 关联 org.tinygame.herostory.msg.GameMsgProtocol$UserQuitResult <==> 6
[16:37:45,585] [INFO] GameMsgRecognizer.init --> 关联 org.tinygame.herostory.msg.GameMsgProtocol$UserMoveToResult <==> 5
[16:37:45,601] [INFO] GameMsgRecognizer.init --> 关联 org.tinygame.herostory.msg.GameMsgProtocol$UserMoveToCmd <==> 4
[16:37:45,601] [INFO] GameMsgRecognizer.init --> 关联 org.tinygame.herostory.msg.GameMsgProtocol$WhoElseIsHereResult <==> 3
[16:37:45,601] [INFO] GameMsgRecognizer.init --> 关联 org.tinygame.herostory.msg.GameMsgProtocol$WhoElseIsHereCmd <==> 2
[16:37:45,601] [INFO] GameMsgRecognizer.init --> 关联 org.tinygame.herostory.msg.GameMsgProtocol$UserEntryResult <==> 1
[16:37:45,616] [INFO] GameMsgRecognizer.init --> 关联 org.tinygame.herostory.msg.GameMsgProtocol$UserEntryCmd <==> 0
[16:37:46,885] [INFO] ServerMain.main --> 服务器启动成功!
[16:37:56,153] [INFO] MainThreadProcessor.process --> 收到客户端消息, msgClazz = org.tinygame.herostory.msg.GameMsgProtocol$UserLoginCmd
[16:37:56,158] [INFO] UserLoginCmdHandler.handle --> 用户登陆, userName = test, password = 1
[16:38:00,465] [ERROR] LoginService.userLogin --> 
### Error querying database.  Cause: java.sql.SQLNonTransientConnectionException: Could not create connection to database server. Attempted reconnect 3 times. Giving up.
### The error may exist in org/tinygame/herostory/login/db/IUserDao.xml
### The error may involve org.tinygame.herostory.login.db.IUserDao.getUserByName
### The error occurred while executing a query
### Cause: java.sql.SQLNonTransientConnectionException: Could not create connection to database server. Attempted reconnect 3 times. Giving up.
org.apache.ibatis.exceptions.PersistenceException: 
### Error querying database.  Cause: java.sql.SQLNonTransientConnectionException: Could not create connection to database server. Attempted reconnect 3 times. Giving up.
### The error may exist in org/tinygame/herostory/login/db/IUserDao.xml
### The error may involve org.tinygame.herostory.login.db.IUserDao.getUserByName
### The error occurred while executing a query
### Cause: java.sql.SQLNonTransientConnectionException: Could not create connection to database server. Attempted reconnect 3 times. Giving up.
	at org.apache.ibatis.exceptions.ExceptionFactory.wrapException(ExceptionFactory.java:30)
	at org.apache.ibatis.session.defaults.DefaultSqlSession.selectList(DefaultSqlSession.java:149)
	at org.apache.ibatis.session.defaults.DefaultSqlSession.selectList(DefaultSqlSession.java:140)
	at org.apache.ibatis.session.defaults.DefaultSqlSession.selectOne(DefaultSqlSession.java:76)
	at org.apache.ibatis.binding.MapperMethod.execute(MapperMethod.java:87)
	at org.apache.ibatis.binding.MapperProxy.invoke(MapperProxy.java:93)
	at com.sun.proxy.$Proxy5.getUserByName(Unknown Source)
	at org.tinygame.herostory.login.LoginService.userLogin(LoginService.java:59)
	at org.tinygame.herostory.cmdHandler.UserLoginCmdHandler.handle(UserLoginCmdHandler.java:42)
	at org.tinygame.herostory.cmdHandler.UserLoginCmdHandler.handle(UserLoginCmdHandler.java:16)
	at org.tinygame.herostory.MainThreadProcessor.lambda$process$1(MainThreadProcessor.java:86)
	at java.util.concurrent.Executors$RunnableAdapter.call(Executors.java:511)
	at java.util.concurrent.FutureTask.run(FutureTask.java:266)
	at java.util.concurrent.ThreadPoolExecutor.runWorker(ThreadPoolExecutor.java:1149)
	at java.util.concurrent.ThreadPoolExecutor$Worker.run(ThreadPoolExecutor.java:624)
	at java.lang.Thread.run(Thread.java:748)
Caused by: java.sql.SQLNonTransientConnectionException: Could not create connection to database server. Attempted reconnect 3 times. Giving up.
	at com.mysql.cj.jdbc.exceptions.SQLError.createSQLException(SQLError.java:110)
	at com.mysql.cj.jdbc.exceptions.SQLError.createSQLException(SQLError.java:97)
	at com.mysql.cj.jdbc.exceptions.SQLError.createSQLException(SQLError.java:89)
	at com.mysql.cj.jdbc.exceptions.SQLError.createSQLException(SQLError.java:63)
	at com.mysql.cj.jdbc.exceptions.SQLError.createSQLException(SQLError.java:73)
	at com.mysql.cj.jdbc.ConnectionImpl.connectWithRetries(ConnectionImpl.java:906)
	at com.mysql.cj.jdbc.ConnectionImpl.createNewIO(ConnectionImpl.java:831)
	at com.mysql.cj.jdbc.ConnectionImpl.<init>(ConnectionImpl.java:456)
	at com.mysql.cj.jdbc.ConnectionImpl.getInstance(ConnectionImpl.java:246)
	at com.mysql.cj.jdbc.NonRegisteringDriver.connect(NonRegisteringDriver.java:199)
	at java.sql.DriverManager.getConnection(DriverManager.java:664)
	at java.sql.DriverManager.getConnection(DriverManager.java:208)
	at org.apache.ibatis.datasource.unpooled.UnpooledDataSource.doGetConnection(UnpooledDataSource.java:221)
	at org.apache.ibatis.datasource.unpooled.UnpooledDataSource.doGetConnection(UnpooledDataSource.java:216)
	at org.apache.ibatis.datasource.unpooled.UnpooledDataSource.getConnection(UnpooledDataSource.java:95)
	at org.apache.ibatis.datasource.pooled.PooledDataSource.popConnection(PooledDataSource.java:422)
	at org.apache.ibatis.datasource.pooled.PooledDataSource.getConnection(PooledDataSource.java:89)
	at org.apache.ibatis.transaction.jdbc.JdbcTransaction.openConnection(JdbcTransaction.java:138)
	at org.apache.ibatis.transaction.jdbc.JdbcTransaction.getConnection(JdbcTransaction.java:60)
	at org.apache.ibatis.executor.BaseExecutor.getConnection(BaseExecutor.java:336)
	at org.apache.ibatis.executor.SimpleExecutor.prepareStatement(SimpleExecutor.java:86)
	at org.apache.ibatis.executor.SimpleExecutor.doQuery(SimpleExecutor.java:62)
	at org.apache.ibatis.executor.BaseExecutor.queryFromDatabase(BaseExecutor.java:324)
	at org.apache.ibatis.executor.BaseExecutor.query(BaseExecutor.java:156)
	at org.apache.ibatis.executor.CachingExecutor.query(CachingExecutor.java:109)
	at org.apache.ibatis.executor.CachingExecutor.query(CachingExecutor.java:83)
	at org.apache.ibatis.session.defaults.DefaultSqlSession.selectList(DefaultSqlSession.java:147)
	... 14 more
Caused by: com.mysql.cj.exceptions.CJException: Unknown database 'hero_story'
	at sun.reflect.NativeConstructorAccessorImpl.newInstance0(Native Method)
	at sun.reflect.NativeConstructorAccessorImpl.newInstance(NativeConstructorAccessorImpl.java:62)
	at sun.reflect.DelegatingConstructorAccessorImpl.newInstance(DelegatingConstructorAccessorImpl.java:45)
	at java.lang.reflect.Constructor.newInstance(Constructor.java:423)
	at com.mysql.cj.exceptions.ExceptionFactory.createException(ExceptionFactory.java:61)
	at com.mysql.cj.exceptions.ExceptionFactory.createException(ExceptionFactory.java:105)
	at com.mysql.cj.exceptions.ExceptionFactory.createException(ExceptionFactory.java:151)
	at com.mysql.cj.exceptions.ExceptionFactory.createException(ExceptionFactory.java:129)
	at com.mysql.cj.protocol.a.NativeProtocol.checkErrorMessage(NativeProtocol.java:787)
	at com.mysql.cj.protocol.a.NativeProtocol.checkErrorMessage(NativeProtocol.java:712)
	at com.mysql.cj.protocol.a.NativeProtocol.checkErrorMessage(NativeProtocol.java:680)
	at com.mysql.cj.protocol.a.NativeProtocol.checkErrorMessage(NativeProtocol.java:128)
	at com.mysql.cj.protocol.a.NativeAuthenticationProvider.proceedHandshakeWithPluggableAuthentication(NativeAuthenticationProvider.java:540)
	at com.mysql.cj.protocol.a.NativeAuthenticationProvider.connect(NativeAuthenticationProvider.java:202)
	at com.mysql.cj.protocol.a.NativeProtocol.connect(NativeProtocol.java:1340)
	at com.mysql.cj.NativeSession.connect(NativeSession.java:157)
	at com.mysql.cj.jdbc.ConnectionImpl.connectWithRetries(ConnectionImpl.java:850)
	... 35 more
[16:38:00,479] [ERROR] UserLoginCmdHandler.handle --> 用户登陆失败, userName = test
[16:40:31,720] [INFO] CmdHandlerFactory.init --> ==== 完成 Cmd 和 Handler 的关联 ====
[16:40:31,873] [INFO] CmdHandlerFactory.init --> 关联 org.tinygame.herostory.msg.GameMsgProtocol$UserAttkCmd <==> org.tinygame.herostory.cmdHandler.UserAttkCmdHandler
[16:40:31,876] [INFO] CmdHandlerFactory.init --> 关联 org.tinygame.herostory.msg.GameMsgProtocol$UserEntryCmd <==> org.tinygame.herostory.cmdHandler.UserEntryCmdHandler
[16:40:31,879] [INFO] CmdHandlerFactory.init --> 关联 org.tinygame.herostory.msg.GameMsgProtocol$UserLoginCmd <==> org.tinygame.herostory.cmdHandler.UserLoginCmdHandler
[16:40:31,884] [INFO] CmdHandlerFactory.init --> 关联 org.tinygame.herostory.msg.GameMsgProtocol$UserMoveToCmd <==> org.tinygame.herostory.cmdHandler.UserMoveToCmdHandler
[16:40:31,887] [INFO] CmdHandlerFactory.init --> 关联 org.tinygame.herostory.msg.GameMsgProtocol$WhoElseIsHereCmd <==> org.tinygame.herostory.cmdHandler.WhoElseIsHereCmdHandler
[16:40:31,891] [INFO] GameMsgRecognizer.init --> ==== 完成 MsgBody 和 MsgCode 的关联 ====
[16:40:32,034] [INFO] GameMsgRecognizer.init --> 关联 org.tinygame.herostory.msg.GameMsgProtocol$SelectHeroResult <==> 16
[16:40:32,037] [INFO] GameMsgRecognizer.init --> 关联 org.tinygame.herostory.msg.GameMsgProtocol$SelectHeroCmd <==> 15
[16:40:32,041] [INFO] GameMsgRecognizer.init --> 关联 org.tinygame.herostory.msg.GameMsgProtocol$UserLoginResult <==> 14
[16:40:32,044] [INFO] GameMsgRecognizer.init --> 关联 org.tinygame.herostory.msg.GameMsgProtocol$UserLoginCmd <==> 13
[16:40:32,051] [INFO] GameMsgRecognizer.init --> 关联 org.tinygame.herostory.msg.GameMsgProtocol$UserDieResult <==> 12
[16:40:32,054] [INFO] GameMsgRecognizer.init --> 关联 org.tinygame.herostory.msg.GameMsgProtocol$UserSubtractHpResult <==> 11
[16:40:32,057] [INFO] GameMsgRecognizer.init --> 关联 org.tinygame.herostory.msg.GameMsgProtocol$UserAttkResult <==> 10
[16:40:32,061] [INFO] GameMsgRecognizer.init --> 关联 org.tinygame.herostory.msg.GameMsgProtocol$UserAttkCmd <==> 9
[16:40:32,068] [INFO] GameMsgRecognizer.init --> 关联 org.tinygame.herostory.msg.GameMsgProtocol$UserStopResult <==> 8
[16:40:32,076] [INFO] GameMsgRecognizer.init --> 关联 org.tinygame.herostory.msg.GameMsgProtocol$UserStopCmd <==> 7
[16:40:32,081] [INFO] GameMsgRecognizer.init --> 关联 org.tinygame.herostory.msg.GameMsgProtocol$UserQuitResult <==> 6
[16:40:32,085] [INFO] GameMsgRecognizer.init --> 关联 org.tinygame.herostory.msg.GameMsgProtocol$UserMoveToResult <==> 5
[16:40:32,088] [INFO] GameMsgRecognizer.init --> 关联 org.tinygame.herostory.msg.GameMsgProtocol$UserMoveToCmd <==> 4
[16:40:32,093] [INFO] GameMsgRecognizer.init --> 关联 org.tinygame.herostory.msg.GameMsgProtocol$WhoElseIsHereResult <==> 3
[16:40:32,098] [INFO] GameMsgRecognizer.init --> 关联 org.tinygame.herostory.msg.GameMsgProtocol$WhoElseIsHereCmd <==> 2
[16:40:32,103] [INFO] GameMsgRecognizer.init --> 关联 org.tinygame.herostory.msg.GameMsgProtocol$UserEntryResult <==> 1
[16:40:32,106] [INFO] GameMsgRecognizer.init --> 关联 org.tinygame.herostory.msg.GameMsgProtocol$UserEntryCmd <==> 0
[16:40:33,803] [INFO] ServerMain.main --> 服务器启动成功!
[16:40:42,212] [INFO] MainThreadProcessor.process --> 收到客户端消息, msgClazz = org.tinygame.herostory.msg.GameMsgProtocol$UserLoginCmd
[16:40:42,217] [INFO] UserLoginCmdHandler.handle --> 用户登陆, userName = test, password = 1
[16:40:44,314] [INFO] MainThreadProcessor.process --> 收到客户端消息, msgClazz = org.tinygame.herostory.msg.GameMsgProtocol$UserEntryCmd
[16:40:44,316] [INFO] MainThreadProcessor.process --> 收到客户端消息, msgClazz = org.tinygame.herostory.msg.GameMsgProtocol$WhoElseIsHereCmd
[16:40:46,064] [INFO] MainThreadProcessor.process --> 收到客户端消息, msgClazz = org.tinygame.herostory.msg.GameMsgProtocol$UserMoveToCmd
[16:40:46,904] [INFO] MainThreadProcessor.process --> 收到客户端消息, msgClazz = org.tinygame.herostory.msg.GameMsgProtocol$UserMoveToCmd
[16:40:48,720] [INFO] GameMsgHandler.handlerRemoved --> 用户离线, userId = 1
[16:40:58,434] [INFO] MainThreadProcessor.process --> 收到客户端消息, msgClazz = org.tinygame.herostory.msg.GameMsgProtocol$UserLoginCmd
[16:40:58,435] [INFO] UserLoginCmdHandler.handle --> 用户登陆, userName = t1, password = 1
[16:40:58,530] [INFO] MainThreadProcessor.process --> 收到客户端消息, msgClazz = org.tinygame.herostory.msg.GameMsgProtocol$UserEntryCmd
[16:40:58,531] [INFO] MainThreadProcessor.process --> 收到客户端消息, msgClazz = org.tinygame.herostory.msg.GameMsgProtocol$WhoElseIsHereCmd
[16:41:15,314] [INFO] MainThreadProcessor.process --> 收到客户端消息, msgClazz = org.tinygame.herostory.msg.GameMsgProtocol$UserAttkCmd
[16:41:16,449] [INFO] GameMsgHandler.handlerRemoved --> 用户离线, userId = 2
[16:41:21,300] [INFO] MainThreadProcessor.process --> 收到客户端消息, msgClazz = org.tinygame.herostory.msg.GameMsgProtocol$UserLoginCmd
[16:41:21,300] [INFO] UserLoginCmdHandler.handle --> 用户登陆, userName = t1, password = 2
[16:41:21,303] [ERROR] LoginService.userLogin --> 用户密码错误, userId = 2, userName = t1
[16:41:21,304] [ERROR] LoginService.userLogin --> 用户密码错误
java.lang.RuntimeException: 用户密码错误
	at org.tinygame.herostory.login.LoginService.userLogin(LoginService.java:71)
	at org.tinygame.herostory.cmdHandler.UserLoginCmdHandler.handle(UserLoginCmdHandler.java:42)
	at org.tinygame.herostory.cmdHandler.UserLoginCmdHandler.handle(UserLoginCmdHandler.java:16)
	at org.tinygame.herostory.MainThreadProcessor.lambda$process$1(MainThreadProcessor.java:86)
	at java.util.concurrent.Executors$RunnableAdapter.call(Executors.java:511)
	at java.util.concurrent.FutureTask.run(FutureTask.java:266)
	at java.util.concurrent.ThreadPoolExecutor.runWorker(ThreadPoolExecutor.java:1149)
	at java.util.concurrent.ThreadPoolExecutor$Worker.run(ThreadPoolExecutor.java:624)
	at java.lang.Thread.run(Thread.java:748)
[16:41:21,307] [ERROR] UserLoginCmdHandler.handle --> 用户登陆失败, userName = t1
[16:44:07,819] [INFO] CmdHandlerFactory.init --> ==== 完成 Cmd 和 Handler 的关联 ====
[16:44:07,955] [INFO] CmdHandlerFactory.init --> 关联 org.tinygame.herostory.msg.GameMsgProtocol$UserAttkCmd <==> org.tinygame.herostory.cmdHandler.UserAttkCmdHandler
[16:44:07,959] [INFO] CmdHandlerFactory.init --> 关联 org.tinygame.herostory.msg.GameMsgProtocol$UserEntryCmd <==> org.tinygame.herostory.cmdHandler.UserEntryCmdHandler
[16:44:07,961] [INFO] CmdHandlerFactory.init --> 关联 org.tinygame.herostory.msg.GameMsgProtocol$UserLoginCmd <==> org.tinygame.herostory.cmdHandler.UserLoginCmdHandler
[16:44:07,964] [INFO] CmdHandlerFactory.init --> 关联 org.tinygame.herostory.msg.GameMsgProtocol$UserMoveToCmd <==> org.tinygame.herostory.cmdHandler.UserMoveToCmdHandler
[16:44:07,966] [INFO] CmdHandlerFactory.init --> 关联 org.tinygame.herostory.msg.GameMsgProtocol$WhoElseIsHereCmd <==> org.tinygame.herostory.cmdHandler.WhoElseIsHereCmdHandler
[16:44:07,973] [INFO] GameMsgRecognizer.init --> ==== 完成 MsgBody 和 MsgCode 的关联 ====
[16:44:08,112] [INFO] GameMsgRecognizer.init --> 关联 org.tinygame.herostory.msg.GameMsgProtocol$SelectHeroResult <==> 16
[16:44:08,116] [INFO] GameMsgRecognizer.init --> 关联 org.tinygame.herostory.msg.GameMsgProtocol$SelectHeroCmd <==> 15
[16:44:08,123] [INFO] GameMsgRecognizer.init --> 关联 org.tinygame.herostory.msg.GameMsgProtocol$UserLoginResult <==> 14
[16:44:08,127] [INFO] GameMsgRecognizer.init --> 关联 org.tinygame.herostory.msg.GameMsgProtocol$UserLoginCmd <==> 13
[16:44:08,130] [INFO] GameMsgRecognizer.init --> 关联 org.tinygame.herostory.msg.GameMsgProtocol$UserDieResult <==> 12
[16:44:08,134] [INFO] GameMsgRecognizer.init --> 关联 org.tinygame.herostory.msg.GameMsgProtocol$UserSubtractHpResult <==> 11
[16:44:08,139] [INFO] GameMsgRecognizer.init --> 关联 org.tinygame.herostory.msg.GameMsgProtocol$UserAttkResult <==> 10
[16:44:08,144] [INFO] GameMsgRecognizer.init --> 关联 org.tinygame.herostory.msg.GameMsgProtocol$UserAttkCmd <==> 9
[16:44:08,148] [INFO] GameMsgRecognizer.init --> 关联 org.tinygame.herostory.msg.GameMsgProtocol$UserStopResult <==> 8
[16:44:08,157] [INFO] GameMsgRecognizer.init --> 关联 org.tinygame.herostory.msg.GameMsgProtocol$UserStopCmd <==> 7
[16:44:08,161] [INFO] GameMsgRecognizer.init --> 关联 org.tinygame.herostory.msg.GameMsgProtocol$UserQuitResult <==> 6
[16:44:08,164] [INFO] GameMsgRecognizer.init --> 关联 org.tinygame.herostory.msg.GameMsgProtocol$UserMoveToResult <==> 5
[16:44:08,167] [INFO] GameMsgRecognizer.init --> 关联 org.tinygame.herostory.msg.GameMsgProtocol$UserMoveToCmd <==> 4
[16:44:08,176] [INFO] GameMsgRecognizer.init --> 关联 org.tinygame.herostory.msg.GameMsgProtocol$WhoElseIsHereResult <==> 3
[16:44:08,178] [INFO] GameMsgRecognizer.init --> 关联 org.tinygame.herostory.msg.GameMsgProtocol$WhoElseIsHereCmd <==> 2
[16:44:08,182] [INFO] GameMsgRecognizer.init --> 关联 org.tinygame.herostory.msg.GameMsgProtocol$UserEntryResult <==> 1
[16:44:08,189] [INFO] GameMsgRecognizer.init --> 关联 org.tinygame.herostory.msg.GameMsgProtocol$UserEntryCmd <==> 0
[16:44:10,007] [INFO] ServerMain.main --> 服务器启动成功!
[16:45:28,619] [INFO] CmdHandlerFactory.init --> ==== 完成 Cmd 和 Handler 的关联 ====
[16:45:28,763] [INFO] CmdHandlerFactory.init --> 关联 org.tinygame.herostory.msg.GameMsgProtocol$UserAttkCmd <==> org.tinygame.herostory.cmdHandler.UserAttkCmdHandler
[16:45:28,765] [INFO] CmdHandlerFactory.init --> 关联 org.tinygame.herostory.msg.GameMsgProtocol$UserEntryCmd <==> org.tinygame.herostory.cmdHandler.UserEntryCmdHandler
[16:45:28,768] [INFO] CmdHandlerFactory.init --> 关联 org.tinygame.herostory.msg.GameMsgProtocol$UserLoginCmd <==> org.tinygame.herostory.cmdHandler.UserLoginCmdHandler
[16:45:28,772] [INFO] CmdHandlerFactory.init --> 关联 org.tinygame.herostory.msg.GameMsgProtocol$UserMoveToCmd <==> org.tinygame.herostory.cmdHandler.UserMoveToCmdHandler
[16:45:28,775] [INFO] CmdHandlerFactory.init --> 关联 org.tinygame.herostory.msg.GameMsgProtocol$WhoElseIsHereCmd <==> org.tinygame.herostory.cmdHandler.WhoElseIsHereCmdHandler
[16:45:28,781] [INFO] GameMsgRecognizer.init --> ==== 完成 MsgBody 和 MsgCode 的关联 ====
[16:45:28,924] [INFO] GameMsgRecognizer.init --> 关联 org.tinygame.herostory.msg.GameMsgProtocol$SelectHeroResult <==> 16
[16:45:28,931] [INFO] GameMsgRecognizer.init --> 关联 org.tinygame.herostory.msg.GameMsgProtocol$SelectHeroCmd <==> 15
[16:45:28,934] [INFO] GameMsgRecognizer.init --> 关联 org.tinygame.herostory.msg.GameMsgProtocol$UserLoginResult <==> 14
[16:45:28,937] [INFO] GameMsgRecognizer.init --> 关联 org.tinygame.herostory.msg.GameMsgProtocol$UserLoginCmd <==> 13
[16:45:28,939] [INFO] GameMsgRecognizer.init --> 关联 org.tinygame.herostory.msg.GameMsgProtocol$UserDieResult <==> 12
[16:45:28,945] [INFO] GameMsgRecognizer.init --> 关联 org.tinygame.herostory.msg.GameMsgProtocol$UserSubtractHpResult <==> 11
[16:45:28,947] [INFO] GameMsgRecognizer.init --> 关联 org.tinygame.herostory.msg.GameMsgProtocol$UserAttkResult <==> 10
[16:45:28,950] [INFO] GameMsgRecognizer.init --> 关联 org.tinygame.herostory.msg.GameMsgProtocol$UserAttkCmd <==> 9
[16:45:28,953] [INFO] GameMsgRecognizer.init --> 关联 org.tinygame.herostory.msg.GameMsgProtocol$UserStopResult <==> 8
[16:45:28,961] [INFO] GameMsgRecognizer.init --> 关联 org.tinygame.herostory.msg.GameMsgProtocol$UserStopCmd <==> 7
[16:45:28,964] [INFO] GameMsgRecognizer.init --> 关联 org.tinygame.herostory.msg.GameMsgProtocol$UserQuitResult <==> 6
[16:45:28,968] [INFO] GameMsgRecognizer.init --> 关联 org.tinygame.herostory.msg.GameMsgProtocol$UserMoveToResult <==> 5
[16:45:28,970] [INFO] GameMsgRecognizer.init --> 关联 org.tinygame.herostory.msg.GameMsgProtocol$UserMoveToCmd <==> 4
[16:45:28,977] [INFO] GameMsgRecognizer.init --> 关联 org.tinygame.herostory.msg.GameMsgProtocol$WhoElseIsHereResult <==> 3
[16:45:28,980] [INFO] GameMsgRecognizer.init --> 关联 org.tinygame.herostory.msg.GameMsgProtocol$WhoElseIsHereCmd <==> 2
[16:45:28,983] [INFO] GameMsgRecognizer.init --> 关联 org.tinygame.herostory.msg.GameMsgProtocol$UserEntryResult <==> 1
[16:45:28,986] [INFO] GameMsgRecognizer.init --> 关联 org.tinygame.herostory.msg.GameMsgProtocol$UserEntryCmd <==> 0
[16:45:30,849] [INFO] ServerMain.main --> 服务器启动成功!
[16:45:41,583] [INFO] MainThreadProcessor.process --> 收到客户端消息, msgClazz = org.tinygame.herostory.msg.GameMsgProtocol$UserLoginCmd
[16:45:41,586] [INFO] UserLoginCmdHandler.handle --> 用户登陆, userName = t1, password = 1
[16:45:41,598] [INFO] LoginService.userLogin --> 当前线程 = MainThreadProcessor
[16:45:41,940] [INFO] UserLoginCmdHandler.handle --> 用户登陆成功, userId = 2, userName = t1
[16:45:42,044] [INFO] MainThreadProcessor.process --> 收到客户端消息, msgClazz = org.tinygame.herostory.msg.GameMsgProtocol$UserEntryCmd
[16:45:42,045] [INFO] MainThreadProcessor.process --> 收到客户端消息, msgClazz = org.tinygame.herostory.msg.GameMsgProtocol$WhoElseIsHereCmd
[16:45:56,642] [INFO] MainThreadProcessor.process --> 收到客户端消息, msgClazz = org.tinygame.herostory.msg.GameMsgProtocol$UserMoveToCmd
[16:45:57,722] [INFO] MainThreadProcessor.process --> 收到客户端消息, msgClazz = org.tinygame.herostory.msg.GameMsgProtocol$UserMoveToCmd
[16:46:13,432] [INFO] MainThreadProcessor.process --> 收到客户端消息, msgClazz = org.tinygame.herostory.msg.GameMsgProtocol$UserLoginCmd
[16:46:13,432] [INFO] UserLoginCmdHandler.handle --> 用户登陆, userName = test, password = 1
[16:46:13,433] [INFO] LoginService.userLogin --> 当前线程 = MainThreadProcessor
[16:46:13,436] [INFO] UserLoginCmdHandler.handle --> 用户登陆成功, userId = 1, userName = test
[16:46:13,571] [INFO] MainThreadProcessor.process --> 收到客户端消息, msgClazz = org.tinygame.herostory.msg.GameMsgProtocol$UserEntryCmd
[16:46:13,578] [INFO] MainThreadProcessor.process --> 收到客户端消息, msgClazz = org.tinygame.herostory.msg.GameMsgProtocol$WhoElseIsHereCmd
[16:46:14,693] [INFO] MainThreadProcessor.process --> 收到客户端消息, msgClazz = org.tinygame.herostory.msg.GameMsgProtocol$UserMoveToCmd
[16:46:15,831] [INFO] MainThreadProcessor.process --> 收到客户端消息, msgClazz = org.tinygame.herostory.msg.GameMsgProtocol$UserMoveToCmd
[16:46:17,314] [INFO] MainThreadProcessor.process --> 收到客户端消息, msgClazz = org.tinygame.herostory.msg.GameMsgProtocol$UserAttkCmd
[16:46:18,043] [INFO] MainThreadProcessor.process --> 收到客户端消息, msgClazz = org.tinygame.herostory.msg.GameMsgProtocol$UserMoveToCmd
[16:46:18,348] [INFO] MainThreadProcessor.process --> 收到客户端消息, msgClazz = org.tinygame.herostory.msg.GameMsgProtocol$UserAttkCmd
[16:46:18,349] [INFO] UserAttkCmdHandler.handle --> 当前线程 = MainThreadProcessor
[16:46:18,763] [INFO] MainThreadProcessor.process --> 收到客户端消息, msgClazz = org.tinygame.herostory.msg.GameMsgProtocol$UserAttkCmd
[16:46:18,764] [INFO] UserAttkCmdHandler.handle --> 当前线程 = MainThreadProcessor
[16:46:18,930] [INFO] MainThreadProcessor.process --> 收到客户端消息, msgClazz = org.tinygame.herostory.msg.GameMsgProtocol$UserAttkCmd
[16:46:18,931] [INFO] UserAttkCmdHandler.handle --> 当前线程 = MainThreadProcessor
[16:46:19,084] [INFO] MainThreadProcessor.process --> 收到客户端消息, msgClazz = org.tinygame.herostory.msg.GameMsgProtocol$UserAttkCmd
[16:46:19,087] [INFO] UserAttkCmdHandler.handle --> 当前线程 = MainThreadProcessor
[16:46:19,546] [INFO] MainThreadProcessor.process --> 收到客户端消息, msgClazz = org.tinygame.herostory.msg.GameMsgProtocol$UserAttkCmd
[16:46:19,547] [INFO] UserAttkCmdHandler.handle --> 当前线程 = MainThreadProcessor
[16:46:19,711] [INFO] MainThreadProcessor.process --> 收到客户端消息, msgClazz = org.tinygame.herostory.msg.GameMsgProtocol$UserAttkCmd
[16:46:19,711] [INFO] UserAttkCmdHandler.handle --> 当前线程 = MainThreadProcessor
[16:46:19,876] [INFO] MainThreadProcessor.process --> 收到客户端消息, msgClazz = org.tinygame.herostory.msg.GameMsgProtocol$UserAttkCmd
[16:46:19,877] [INFO] UserAttkCmdHandler.handle --> 当前线程 = MainThreadProcessor
[16:46:20,041] [INFO] MainThreadProcessor.process --> 收到客户端消息, msgClazz = org.tinygame.herostory.msg.GameMsgProtocol$UserAttkCmd
[16:46:20,043] [INFO] UserAttkCmdHandler.handle --> 当前线程 = MainThreadProcessor
[16:46:21,045] [INFO] MainThreadProcessor.process --> 收到客户端消息, msgClazz = org.tinygame.herostory.msg.GameMsgProtocol$UserAttkCmd
[16:46:21,047] [INFO] UserAttkCmdHandler.handle --> 当前线程 = MainThreadProcessor
[16:46:21,483] [INFO] MainThreadProcessor.process --> 收到客户端消息, msgClazz = org.tinygame.herostory.msg.GameMsgProtocol$UserAttkCmd
[16:46:21,487] [INFO] UserAttkCmdHandler.handle --> 当前线程 = MainThreadProcessor
[16:46:21,674] [INFO] MainThreadProcessor.process --> 收到客户端消息, msgClazz = org.tinygame.herostory.msg.GameMsgProtocol$UserAttkCmd
[16:46:21,676] [INFO] UserAttkCmdHandler.handle --> 当前线程 = MainThreadProcessor
[16:46:21,858] [INFO] MainThreadProcessor.process --> 收到客户端消息, msgClazz = org.tinygame.herostory.msg.GameMsgProtocol$UserAttkCmd
[16:46:21,870] [INFO] UserAttkCmdHandler.handle --> 当前线程 = MainThreadProcessor
[16:46:22,024] [INFO] MainThreadProcessor.process --> 收到客户端消息, msgClazz = org.tinygame.herostory.msg.GameMsgProtocol$UserAttkCmd
[16:46:22,025] [INFO] UserAttkCmdHandler.handle --> 当前线程 = MainThreadProcessor
[16:46:22,193] [INFO] MainThreadProcessor.process --> 收到客户端消息, msgClazz = org.tinygame.herostory.msg.GameMsgProtocol$UserAttkCmd
[16:46:22,195] [INFO] UserAttkCmdHandler.handle --> 当前线程 = MainThreadProcessor
[16:46:22,426] [INFO] MainThreadProcessor.process --> 收到客户端消息, msgClazz = org.tinygame.herostory.msg.GameMsgProtocol$UserAttkCmd
[16:46:22,427] [INFO] UserAttkCmdHandler.handle --> 当前线程 = MainThreadProcessor
[16:46:22,997] [INFO] MainThreadProcessor.process --> 收到客户端消息, msgClazz = org.tinygame.herostory.msg.GameMsgProtocol$UserAttkCmd
[16:46:22,997] [INFO] UserAttkCmdHandler.handle --> 当前线程 = MainThreadProcessor
[16:46:23,161] [INFO] MainThreadProcessor.process --> 收到客户端消息, msgClazz = org.tinygame.herostory.msg.GameMsgProtocol$UserAttkCmd
[16:46:23,162] [INFO] UserAttkCmdHandler.handle --> 当前线程 = MainThreadProcessor
[16:46:23,326] [INFO] MainThreadProcessor.process --> 收到客户端消息, msgClazz = org.tinygame.herostory.msg.GameMsgProtocol$UserAttkCmd
[16:46:23,328] [INFO] UserAttkCmdHandler.handle --> 当前线程 = MainThreadProcessor
[16:46:23,474] [INFO] MainThreadProcessor.process --> 收到客户端消息, msgClazz = org.tinygame.herostory.msg.GameMsgProtocol$UserAttkCmd
[16:46:23,476] [INFO] UserAttkCmdHandler.handle --> 当前线程 = MainThreadProcessor
[16:46:23,612] [INFO] MainThreadProcessor.process --> 收到客户端消息, msgClazz = org.tinygame.herostory.msg.GameMsgProtocol$UserAttkCmd
[16:46:23,613] [INFO] UserAttkCmdHandler.handle --> 当前线程 = MainThreadProcessor
[16:46:24,133] [INFO] MainThreadProcessor.process --> 收到客户端消息, msgClazz = org.tinygame.herostory.msg.GameMsgProtocol$UserAttkCmd
[16:46:24,135] [INFO] UserAttkCmdHandler.handle --> 当前线程 = MainThreadProcessor
[16:46:24,364] [INFO] MainThreadProcessor.process --> 收到客户端消息, msgClazz = org.tinygame.herostory.msg.GameMsgProtocol$UserAttkCmd
[16:46:24,365] [INFO] UserAttkCmdHandler.handle --> 当前线程 = MainThreadProcessor
[16:46:24,528] [INFO] MainThreadProcessor.process --> 收到客户端消息, msgClazz = org.tinygame.herostory.msg.GameMsgProtocol$UserAttkCmd
[16:46:24,529] [INFO] UserAttkCmdHandler.handle --> 当前线程 = MainThreadProcessor
[16:46:24,695] [INFO] MainThreadProcessor.process --> 收到客户端消息, msgClazz = org.tinygame.herostory.msg.GameMsgProtocol$UserAttkCmd
[16:46:24,697] [INFO] UserAttkCmdHandler.handle --> 当前线程 = MainThreadProcessor
[16:46:24,859] [INFO] MainThreadProcessor.process --> 收到客户端消息, msgClazz = org.tinygame.herostory.msg.GameMsgProtocol$UserAttkCmd
[16:46:24,862] [INFO] UserAttkCmdHandler.handle --> 当前线程 = MainThreadProcessor
[16:46:35,530] [INFO] GameMsgHandler.handlerRemoved --> 用户离线, userId = 1
[16:46:40,933] [INFO] GameMsgHandler.handlerRemoved --> 用户离线, userId = 2
[16:46:45,822] [INFO] MainThreadProcessor.process --> 收到客户端消息, msgClazz = org.tinygame.herostory.msg.GameMsgProtocol$UserLoginCmd
[16:46:45,823] [INFO] UserLoginCmdHandler.handle --> 用户登陆, userName = t1, password = 1
[16:46:45,823] [INFO] LoginService.userLogin --> 当前线程 = MainThreadProcessor
[16:46:45,825] [INFO] UserLoginCmdHandler.handle --> 用户登陆成功, userId = 2, userName = t1
[16:46:45,904] [INFO] MainThreadProcessor.process --> 收到客户端消息, msgClazz = org.tinygame.herostory.msg.GameMsgProtocol$UserEntryCmd
[16:46:45,904] [INFO] MainThreadProcessor.process --> 收到客户端消息, msgClazz = org.tinygame.herostory.msg.GameMsgProtocol$WhoElseIsHereCmd
