[11:20:02,166] [INFO] CmdHandlerFactory.init --> ==== 完成 Cmd 和 Handler 的关联 ====
[11:20:02,314] [INFO] CmdHandlerFactory.init --> 关联 org.tinygame.herostory.msg.GameMsgProtocol$UserAttkCmd <==> org.tinygame.herostory.cmdHandler.UserAttkCmdHandler
[11:20:02,330] [INFO] CmdHandlerFactory.init --> 关联 org.tinygame.herostory.msg.GameMsgProtocol$UserLoginCmd <==> org.tinygame.herostory.cmdHandler.UserLoginCmdHandler
[11:20:02,330] [INFO] CmdHandlerFactory.init --> 关联 org.tinygame.herostory.msg.GameMsgProtocol$UserEntryCmd <==> org.tinygame.herostory.cmdHandler.UserEntryCmdHandler
[11:20:02,330] [INFO] CmdHandlerFactory.init --> 关联 org.tinygame.herostory.msg.GameMsgProtocol$UserMoveToCmd <==> org.tinygame.herostory.cmdHandler.UserMoveToCmdHandler
[11:20:02,330] [INFO] CmdHandlerFactory.init --> 关联 org.tinygame.herostory.msg.GameMsgProtocol$WhoElseIsHereCmd <==> org.tinygame.herostory.cmdHandler.WhoElseIsHereCmdHandler
[11:20:02,330] [INFO] GameMsgRecognizer.init --> ==== 完成 MsgBody 和 MsgCode 的关联 ====
[11:20:02,389] [INFO] GameMsgRecognizer.init --> 关联 org.tinygame.herostory.msg.GameMsgProtocol$SelectHeroResult <==> 16
[11:20:02,404] [INFO] GameMsgRecognizer.init --> 关联 org.tinygame.herostory.msg.GameMsgProtocol$SelectHeroCmd <==> 15
[11:20:02,404] [INFO] GameMsgRecognizer.init --> 关联 org.tinygame.herostory.msg.GameMsgProtocol$UserLoginResult <==> 14
[11:20:02,404] [INFO] GameMsgRecognizer.init --> 关联 org.tinygame.herostory.msg.GameMsgProtocol$UserLoginCmd <==> 13
[11:20:02,404] [INFO] GameMsgRecognizer.init --> 关联 org.tinygame.herostory.msg.GameMsgProtocol$UserDieResult <==> 12
[11:20:02,420] [INFO] GameMsgRecognizer.init --> 关联 org.tinygame.herostory.msg.GameMsgProtocol$UserSubtractHpResult <==> 11
[11:20:02,420] [INFO] GameMsgRecognizer.init --> 关联 org.tinygame.herostory.msg.GameMsgProtocol$UserAttkResult <==> 10
[11:20:02,420] [INFO] GameMsgRecognizer.init --> 关联 org.tinygame.herostory.msg.GameMsgProtocol$UserAttkCmd <==> 9
[11:20:02,420] [INFO] GameMsgRecognizer.init --> 关联 org.tinygame.herostory.msg.GameMsgProtocol$UserStopResult <==> 8
[11:20:02,420] [INFO] GameMsgRecognizer.init --> 关联 org.tinygame.herostory.msg.GameMsgProtocol$UserStopCmd <==> 7
[11:20:02,436] [INFO] GameMsgRecognizer.init --> 关联 org.tinygame.herostory.msg.GameMsgProtocol$UserQuitResult <==> 6
[11:20:02,436] [INFO] GameMsgRecognizer.init --> 关联 org.tinygame.herostory.msg.GameMsgProtocol$UserMoveToResult <==> 5
[11:20:02,436] [INFO] GameMsgRecognizer.init --> 关联 org.tinygame.herostory.msg.GameMsgProtocol$UserMoveToCmd <==> 4
[11:20:02,436] [INFO] GameMsgRecognizer.init --> 关联 org.tinygame.herostory.msg.GameMsgProtocol$WhoElseIsHereResult <==> 3
[11:20:02,436] [INFO] GameMsgRecognizer.init --> 关联 org.tinygame.herostory.msg.GameMsgProtocol$WhoElseIsHereCmd <==> 2
[11:20:02,451] [INFO] GameMsgRecognizer.init --> 关联 org.tinygame.herostory.msg.GameMsgProtocol$UserEntryResult <==> 1
[11:20:02,451] [INFO] GameMsgRecognizer.init --> 关联 org.tinygame.herostory.msg.GameMsgProtocol$UserEntryCmd <==> 0
[11:20:04,301] [INFO] ServerMain.main --> 服务器启动成功!
[11:20:31,455] [INFO] MainThreadProcessor.process --> 收到客户端消息, msgClazz = org.tinygame.herostory.msg.GameMsgProtocol$UserLoginCmd
[11:20:31,458] [INFO] UserLoginCmdHandler.handle --> 用户登陆, userName = a, password = q
[11:20:31,459] [INFO] UserLoginCmdHandler.handle --> 当前线程 = MainThreadProcessor
[11:20:31,477] [INFO] LoginService$AsyncGetUserByName.doAsync --> 当前线程 = AsyncOperationProcessor_1
[11:20:32,119] [ERROR] LoginService.updateUserBasicInfoInRedis --> NOAUTH Authentication required.
redis.clients.jedis.exceptions.JedisDataException: NOAUTH Authentication required.
	at redis.clients.jedis.Protocol.processError(Protocol.java:132)
	at redis.clients.jedis.Protocol.process(Protocol.java:166)
	at redis.clients.jedis.Protocol.read(Protocol.java:220)
	at redis.clients.jedis.Connection.readProtocolWithCheckingBroken(Connection.java:318)
	at redis.clients.jedis.Connection.getIntegerReply(Connection.java:260)
	at redis.clients.jedis.Jedis.hset(Jedis.java:732)
	at org.tinygame.herostory.login.LoginService.updateUserBasicInfoInRedis(LoginService.java:96)
	at org.tinygame.herostory.login.LoginService.access$100(LoginService.java:20)
	at org.tinygame.herostory.login.LoginService$AsyncGetUserByName.doAsync(LoginService.java:193)
	at org.tinygame.herostory.async.AsyncOperationProcessor.lambda$process$1(AsyncOperationProcessor.java:71)
	at java.util.concurrent.Executors$RunnableAdapter.call(Executors.java:511)
	at java.util.concurrent.FutureTask.run(FutureTask.java:266)
	at java.util.concurrent.ThreadPoolExecutor.runWorker(ThreadPoolExecutor.java:1149)
	at java.util.concurrent.ThreadPoolExecutor$Worker.run(ThreadPoolExecutor.java:624)
	at java.lang.Thread.run(Thread.java:748)
[11:20:32,133] [INFO] UserLoginCmdHandler.lambda$handle$0 --> 用户登陆成功, userId = 1, userName = a
[11:20:32,133] [INFO] UserLoginCmdHandler.lambda$handle$0 --> 当前线程 = MainThreadProcessor
[11:20:33,256] [INFO] MainThreadProcessor.process --> 收到客户端消息, msgClazz = org.tinygame.herostory.msg.GameMsgProtocol$UserEntryCmd
[11:20:33,257] [INFO] MainThreadProcessor.process --> 收到客户端消息, msgClazz = org.tinygame.herostory.msg.GameMsgProtocol$WhoElseIsHereCmd
[11:21:44,129] [INFO] CmdHandlerFactory.init --> ==== 完成 Cmd 和 Handler 的关联 ====
[11:21:44,395] [INFO] CmdHandlerFactory.init --> 关联 org.tinygame.herostory.msg.GameMsgProtocol$UserAttkCmd <==> org.tinygame.herostory.cmdHandler.UserAttkCmdHandler
[11:21:44,401] [INFO] CmdHandlerFactory.init --> 关联 org.tinygame.herostory.msg.GameMsgProtocol$UserLoginCmd <==> org.tinygame.herostory.cmdHandler.UserLoginCmdHandler
[11:21:44,408] [INFO] CmdHandlerFactory.init --> 关联 org.tinygame.herostory.msg.GameMsgProtocol$UserEntryCmd <==> org.tinygame.herostory.cmdHandler.UserEntryCmdHandler
[11:21:44,412] [INFO] CmdHandlerFactory.init --> 关联 org.tinygame.herostory.msg.GameMsgProtocol$UserMoveToCmd <==> org.tinygame.herostory.cmdHandler.UserMoveToCmdHandler
[11:21:44,415] [INFO] CmdHandlerFactory.init --> 关联 org.tinygame.herostory.msg.GameMsgProtocol$WhoElseIsHereCmd <==> org.tinygame.herostory.cmdHandler.WhoElseIsHereCmdHandler
[11:21:44,432] [INFO] GameMsgRecognizer.init --> ==== 完成 MsgBody 和 MsgCode 的关联 ====
[11:21:44,514] [INFO] GameMsgRecognizer.init --> 关联 org.tinygame.herostory.msg.GameMsgProtocol$SelectHeroResult <==> 16
[11:21:44,517] [INFO] GameMsgRecognizer.init --> 关联 org.tinygame.herostory.msg.GameMsgProtocol$SelectHeroCmd <==> 15
[11:21:44,525] [INFO] GameMsgRecognizer.init --> 关联 org.tinygame.herostory.msg.GameMsgProtocol$UserLoginResult <==> 14
[11:21:44,528] [INFO] GameMsgRecognizer.init --> 关联 org.tinygame.herostory.msg.GameMsgProtocol$UserLoginCmd <==> 13
[11:21:44,532] [INFO] GameMsgRecognizer.init --> 关联 org.tinygame.herostory.msg.GameMsgProtocol$UserDieResult <==> 12
[11:21:44,535] [INFO] GameMsgRecognizer.init --> 关联 org.tinygame.herostory.msg.GameMsgProtocol$UserSubtractHpResult <==> 11
[11:21:44,540] [INFO] GameMsgRecognizer.init --> 关联 org.tinygame.herostory.msg.GameMsgProtocol$UserAttkResult <==> 10
[11:21:44,544] [INFO] GameMsgRecognizer.init --> 关联 org.tinygame.herostory.msg.GameMsgProtocol$UserAttkCmd <==> 9
[11:21:44,547] [INFO] GameMsgRecognizer.init --> 关联 org.tinygame.herostory.msg.GameMsgProtocol$UserStopResult <==> 8
[11:21:44,553] [INFO] GameMsgRecognizer.init --> 关联 org.tinygame.herostory.msg.GameMsgProtocol$UserStopCmd <==> 7
[11:21:44,560] [INFO] GameMsgRecognizer.init --> 关联 org.tinygame.herostory.msg.GameMsgProtocol$UserQuitResult <==> 6
[11:21:44,564] [INFO] GameMsgRecognizer.init --> 关联 org.tinygame.herostory.msg.GameMsgProtocol$UserMoveToResult <==> 5
[11:21:44,567] [INFO] GameMsgRecognizer.init --> 关联 org.tinygame.herostory.msg.GameMsgProtocol$UserMoveToCmd <==> 4
[11:21:44,576] [INFO] GameMsgRecognizer.init --> 关联 org.tinygame.herostory.msg.GameMsgProtocol$WhoElseIsHereResult <==> 3
[11:21:44,579] [INFO] GameMsgRecognizer.init --> 关联 org.tinygame.herostory.msg.GameMsgProtocol$WhoElseIsHereCmd <==> 2
[11:21:44,585] [INFO] GameMsgRecognizer.init --> 关联 org.tinygame.herostory.msg.GameMsgProtocol$UserEntryResult <==> 1
[11:21:44,590] [INFO] GameMsgRecognizer.init --> 关联 org.tinygame.herostory.msg.GameMsgProtocol$UserEntryCmd <==> 0
[11:21:46,605] [INFO] ServerMain.main --> 服务器启动成功!
[11:21:56,922] [INFO] MainThreadProcessor.process --> 收到客户端消息, msgClazz = org.tinygame.herostory.msg.GameMsgProtocol$UserLoginCmd
[11:21:56,926] [INFO] UserLoginCmdHandler.handle --> 用户登陆, userName = a, password = q
[11:21:56,926] [INFO] UserLoginCmdHandler.handle --> 当前线程 = MainThreadProcessor
[11:21:56,943] [INFO] LoginService$AsyncGetUserByName.doAsync --> 当前线程 = AsyncOperationProcessor_1
[11:21:57,387] [INFO] UserLoginCmdHandler.lambda$handle$0 --> 用户登陆成功, userId = 1, userName = a
[11:21:57,388] [INFO] UserLoginCmdHandler.lambda$handle$0 --> 当前线程 = MainThreadProcessor
[11:21:57,489] [INFO] MainThreadProcessor.process --> 收到客户端消息, msgClazz = org.tinygame.herostory.msg.GameMsgProtocol$UserEntryCmd
[11:21:57,490] [INFO] MainThreadProcessor.process --> 收到客户端消息, msgClazz = org.tinygame.herostory.msg.GameMsgProtocol$WhoElseIsHereCmd
[13:38:36,169] [INFO] CmdHandlerFactory.init --> ==== 完成 Cmd 和 Handler 的关联 ====
[13:38:36,315] [INFO] CmdHandlerFactory.init --> 关联 org.tinygame.herostory.msg.GameMsgProtocol$UserEntryCmd <==> org.tinygame.herostory.cmdHandler.UserEntryCmdHandler
[13:38:36,315] [INFO] CmdHandlerFactory.init --> 关联 org.tinygame.herostory.msg.GameMsgProtocol$WhoElseIsHereCmd <==> org.tinygame.herostory.cmdHandler.WhoElseIsHereCmdHandler
[13:38:36,315] [INFO] CmdHandlerFactory.init --> 关联 org.tinygame.herostory.msg.GameMsgProtocol$GetRankCmd <==> org.tinygame.herostory.cmdHandler.GetRankCmdHandler
[13:38:36,325] [INFO] CmdHandlerFactory.init --> 关联 org.tinygame.herostory.msg.GameMsgProtocol$UserAttkCmd <==> org.tinygame.herostory.cmdHandler.UserAttkCmdHandler
[13:38:36,325] [INFO] CmdHandlerFactory.init --> 关联 org.tinygame.herostory.msg.GameMsgProtocol$UserLoginCmd <==> org.tinygame.herostory.cmdHandler.UserLoginCmdHandler
[13:38:36,325] [INFO] CmdHandlerFactory.init --> 关联 org.tinygame.herostory.msg.GameMsgProtocol$UserMoveToCmd <==> org.tinygame.herostory.cmdHandler.UserMoveToCmdHandler
[13:38:36,325] [INFO] GameMsgRecognizer.init --> ==== 完成 MsgBody 和 MsgCode 的关联 ====
[13:38:36,403] [INFO] GameMsgRecognizer.init --> 关联 org.tinygame.herostory.msg.GameMsgProtocol$GetRankResult <==> 18
[13:38:36,403] [INFO] GameMsgRecognizer.init --> 关联 org.tinygame.herostory.msg.GameMsgProtocol$GetRankCmd <==> 17
[13:38:36,403] [INFO] GameMsgRecognizer.init --> 关联 org.tinygame.herostory.msg.GameMsgProtocol$SelectHeroResult <==> 16
[13:38:36,403] [INFO] GameMsgRecognizer.init --> 关联 org.tinygame.herostory.msg.GameMsgProtocol$SelectHeroCmd <==> 15
[13:38:36,419] [INFO] GameMsgRecognizer.init --> 关联 org.tinygame.herostory.msg.GameMsgProtocol$UserLoginResult <==> 14
[13:38:36,419] [INFO] GameMsgRecognizer.init --> 关联 org.tinygame.herostory.msg.GameMsgProtocol$UserLoginCmd <==> 13
[13:38:36,419] [INFO] GameMsgRecognizer.init --> 关联 org.tinygame.herostory.msg.GameMsgProtocol$UserDieResult <==> 12
[13:38:36,419] [INFO] GameMsgRecognizer.init --> 关联 org.tinygame.herostory.msg.GameMsgProtocol$UserSubtractHpResult <==> 11
[13:38:36,435] [INFO] GameMsgRecognizer.init --> 关联 org.tinygame.herostory.msg.GameMsgProtocol$UserAttkResult <==> 10
[13:38:36,437] [INFO] GameMsgRecognizer.init --> 关联 org.tinygame.herostory.msg.GameMsgProtocol$UserAttkCmd <==> 9
[13:38:36,437] [INFO] GameMsgRecognizer.init --> 关联 org.tinygame.herostory.msg.GameMsgProtocol$UserStopResult <==> 8
[13:38:36,437] [INFO] GameMsgRecognizer.init --> 关联 org.tinygame.herostory.msg.GameMsgProtocol$UserStopCmd <==> 7
[13:38:36,437] [INFO] GameMsgRecognizer.init --> 关联 org.tinygame.herostory.msg.GameMsgProtocol$UserQuitResult <==> 6
[13:38:36,437] [INFO] GameMsgRecognizer.init --> 关联 org.tinygame.herostory.msg.GameMsgProtocol$UserMoveToResult <==> 5
[13:38:36,453] [INFO] GameMsgRecognizer.init --> 关联 org.tinygame.herostory.msg.GameMsgProtocol$UserMoveToCmd <==> 4
[13:38:36,453] [INFO] GameMsgRecognizer.init --> 关联 org.tinygame.herostory.msg.GameMsgProtocol$WhoElseIsHereResult <==> 3
[13:38:36,453] [INFO] GameMsgRecognizer.init --> 关联 org.tinygame.herostory.msg.GameMsgProtocol$WhoElseIsHereCmd <==> 2
[13:38:36,453] [INFO] GameMsgRecognizer.init --> 关联 org.tinygame.herostory.msg.GameMsgProtocol$UserEntryResult <==> 1
[13:38:36,453] [INFO] GameMsgRecognizer.init --> 关联 org.tinygame.herostory.msg.GameMsgProtocol$UserEntryCmd <==> 0
[13:38:37,967] [INFO] ServerMain.main --> 服务器启动成功!
[13:39:04,173] [INFO] MainThreadProcessor.process --> 收到客户端消息, msgClazz = org.tinygame.herostory.msg.GameMsgProtocol$UserLoginCmd
[13:39:04,181] [INFO] UserLoginCmdHandler.handle --> 用户登陆, userName = a, password = q
[13:39:04,181] [INFO] UserLoginCmdHandler.handle --> 当前线程 = MainThreadProcessor
[13:39:04,203] [INFO] LoginService$AsyncGetUserByName.doAsync --> 当前线程 = AsyncOperationProcessor_1
[13:39:04,832] [INFO] UserLoginCmdHandler.lambda$handle$0 --> 用户登陆成功, userId = 1, userName = a
[13:39:04,832] [INFO] UserLoginCmdHandler.lambda$handle$0 --> 当前线程 = MainThreadProcessor
[13:39:05,773] [INFO] MainThreadProcessor.process --> 收到客户端消息, msgClazz = org.tinygame.herostory.msg.GameMsgProtocol$UserEntryCmd
[13:39:05,776] [INFO] MainThreadProcessor.process --> 收到客户端消息, msgClazz = org.tinygame.herostory.msg.GameMsgProtocol$WhoElseIsHereCmd
[13:39:08,920] [INFO] MainThreadProcessor.process --> 收到客户端消息, msgClazz = org.tinygame.herostory.msg.GameMsgProtocol$GetRankCmd
[13:39:24,521] [INFO] MainThreadProcessor.process --> 收到客户端消息, msgClazz = org.tinygame.herostory.msg.GameMsgProtocol$UserAttkCmd
[13:39:25,600] [INFO] MainThreadProcessor.process --> 收到客户端消息, msgClazz = org.tinygame.herostory.msg.GameMsgProtocol$GetRankCmd
[13:39:27,513] [INFO] MainThreadProcessor.process --> 收到客户端消息, msgClazz = org.tinygame.herostory.msg.GameMsgProtocol$UserAttkCmd
[13:39:28,545] [INFO] MainThreadProcessor.process --> 收到客户端消息, msgClazz = org.tinygame.herostory.msg.GameMsgProtocol$GetRankCmd
[13:39:36,301] [INFO] MainThreadProcessor.process --> 收到客户端消息, msgClazz = org.tinygame.herostory.msg.GameMsgProtocol$UserAttkCmd
[13:40:20,975] [INFO] GameMsgHandler.handlerRemoved --> 用户离线, userId = 1
[13:40:26,310] [INFO] MainThreadProcessor.process --> 收到客户端消息, msgClazz = org.tinygame.herostory.msg.GameMsgProtocol$UserLoginCmd
[13:40:26,311] [INFO] UserLoginCmdHandler.handle --> 用户登陆, userName = a, password = q
[13:40:26,311] [INFO] UserLoginCmdHandler.handle --> 当前线程 = MainThreadProcessor
[13:40:26,312] [INFO] LoginService$AsyncGetUserByName.doAsync --> 当前线程 = AsyncOperationProcessor_1
[13:40:26,318] [INFO] UserLoginCmdHandler.lambda$handle$0 --> 用户登陆成功, userId = 1, userName = a
[13:40:26,318] [INFO] UserLoginCmdHandler.lambda$handle$0 --> 当前线程 = MainThreadProcessor
[13:40:26,402] [INFO] MainThreadProcessor.process --> 收到客户端消息, msgClazz = org.tinygame.herostory.msg.GameMsgProtocol$UserEntryCmd
[13:40:26,403] [INFO] MainThreadProcessor.process --> 收到客户端消息, msgClazz = org.tinygame.herostory.msg.GameMsgProtocol$WhoElseIsHereCmd
[13:40:27,505] [INFO] MainThreadProcessor.process --> 收到客户端消息, msgClazz = org.tinygame.herostory.msg.GameMsgProtocol$GetRankCmd
[13:40:31,639] [INFO] MainThreadProcessor.process --> 收到客户端消息, msgClazz = org.tinygame.herostory.msg.GameMsgProtocol$UserAttkCmd
[13:40:32,771] [INFO] MainThreadProcessor.process --> 收到客户端消息, msgClazz = org.tinygame.herostory.msg.GameMsgProtocol$GetRankCmd
[13:40:34,007] [INFO] MainThreadProcessor.process --> 收到客户端消息, msgClazz = org.tinygame.herostory.msg.GameMsgProtocol$UserAttkCmd
[13:41:10,805] [INFO] MainThreadProcessor.process --> 收到客户端消息, msgClazz = org.tinygame.herostory.msg.GameMsgProtocol$GetRankCmd
[13:41:12,646] [INFO] MainThreadProcessor.process --> 收到客户端消息, msgClazz = org.tinygame.herostory.msg.GameMsgProtocol$UserAttkCmd
[13:41:22,150] [INFO] MainThreadProcessor.process --> 收到客户端消息, msgClazz = org.tinygame.herostory.msg.GameMsgProtocol$GetRankCmd
[13:41:41,438] [INFO] MainThreadProcessor.process --> 收到客户端消息, msgClazz = org.tinygame.herostory.msg.GameMsgProtocol$UserAttkCmd
[13:55:46,837] [INFO] CmdHandlerFactory.init --> ==== 完成 Cmd 和 Handler 的关联 ====
[13:55:46,974] [INFO] CmdHandlerFactory.init --> 关联 org.tinygame.herostory.msg.GameMsgProtocol$UserEntryCmd <==> org.tinygame.herostory.cmdHandler.UserEntryCmdHandler
[13:55:46,974] [INFO] CmdHandlerFactory.init --> 关联 org.tinygame.herostory.msg.GameMsgProtocol$WhoElseIsHereCmd <==> org.tinygame.herostory.cmdHandler.WhoElseIsHereCmdHandler
[13:55:46,990] [INFO] CmdHandlerFactory.init --> 关联 org.tinygame.herostory.msg.GameMsgProtocol$GetRankCmd <==> org.tinygame.herostory.cmdHandler.GetRankCmdHandler
[13:55:46,990] [INFO] CmdHandlerFactory.init --> 关联 org.tinygame.herostory.msg.GameMsgProtocol$UserAttkCmd <==> org.tinygame.herostory.cmdHandler.UserAttkCmdHandler
[13:55:46,990] [INFO] CmdHandlerFactory.init --> 关联 org.tinygame.herostory.msg.GameMsgProtocol$UserLoginCmd <==> org.tinygame.herostory.cmdHandler.UserLoginCmdHandler
[13:55:46,990] [INFO] CmdHandlerFactory.init --> 关联 org.tinygame.herostory.msg.GameMsgProtocol$UserMoveToCmd <==> org.tinygame.herostory.cmdHandler.UserMoveToCmdHandler
[13:55:46,990] [INFO] GameMsgRecognizer.init --> ==== 完成 MsgBody 和 MsgCode 的关联 ====
[13:55:47,058] [INFO] GameMsgRecognizer.init --> 关联 org.tinygame.herostory.msg.GameMsgProtocol$GetRankResult <==> 18
[13:55:47,058] [INFO] GameMsgRecognizer.init --> 关联 org.tinygame.herostory.msg.GameMsgProtocol$GetRankCmd <==> 17
[13:55:47,058] [INFO] GameMsgRecognizer.init --> 关联 org.tinygame.herostory.msg.GameMsgProtocol$SelectHeroResult <==> 16
[13:55:47,058] [INFO] GameMsgRecognizer.init --> 关联 org.tinygame.herostory.msg.GameMsgProtocol$SelectHeroCmd <==> 15
[13:55:47,058] [INFO] GameMsgRecognizer.init --> 关联 org.tinygame.herostory.msg.GameMsgProtocol$UserLoginResult <==> 14
[13:55:47,074] [INFO] GameMsgRecognizer.init --> 关联 org.tinygame.herostory.msg.GameMsgProtocol$UserLoginCmd <==> 13
[13:55:47,074] [INFO] GameMsgRecognizer.init --> 关联 org.tinygame.herostory.msg.GameMsgProtocol$UserDieResult <==> 12
[13:55:47,074] [INFO] GameMsgRecognizer.init --> 关联 org.tinygame.herostory.msg.GameMsgProtocol$UserSubtractHpResult <==> 11
[13:55:47,074] [INFO] GameMsgRecognizer.init --> 关联 org.tinygame.herostory.msg.GameMsgProtocol$UserAttkResult <==> 10
[13:55:47,074] [INFO] GameMsgRecognizer.init --> 关联 org.tinygame.herostory.msg.GameMsgProtocol$UserAttkCmd <==> 9
[13:55:47,091] [INFO] GameMsgRecognizer.init --> 关联 org.tinygame.herostory.msg.GameMsgProtocol$UserStopResult <==> 8
[13:55:47,091] [INFO] GameMsgRecognizer.init --> 关联 org.tinygame.herostory.msg.GameMsgProtocol$UserStopCmd <==> 7
[13:55:47,091] [INFO] GameMsgRecognizer.init --> 关联 org.tinygame.herostory.msg.GameMsgProtocol$UserQuitResult <==> 6
[13:55:47,091] [INFO] GameMsgRecognizer.init --> 关联 org.tinygame.herostory.msg.GameMsgProtocol$UserMoveToResult <==> 5
[13:55:47,091] [INFO] GameMsgRecognizer.init --> 关联 org.tinygame.herostory.msg.GameMsgProtocol$UserMoveToCmd <==> 4
[13:55:47,107] [INFO] GameMsgRecognizer.init --> 关联 org.tinygame.herostory.msg.GameMsgProtocol$WhoElseIsHereResult <==> 3
[13:55:47,107] [INFO] GameMsgRecognizer.init --> 关联 org.tinygame.herostory.msg.GameMsgProtocol$WhoElseIsHereCmd <==> 2
[13:55:47,107] [INFO] GameMsgRecognizer.init --> 关联 org.tinygame.herostory.msg.GameMsgProtocol$UserEntryResult <==> 1
[13:55:47,107] [INFO] GameMsgRecognizer.init --> 关联 org.tinygame.herostory.msg.GameMsgProtocol$UserEntryCmd <==> 0
[13:55:47,965] [ERROR] MqProducer.init --> the specified group[org.tinygame.herostory] contains illegal characters, allowing only ^[%|a-zA-Z0-9_-]+$
For more information, please visit the url, http://rocketmq.apache.org/docs/faq/
org.apache.rocketmq.client.exception.MQClientException: the specified group[org.tinygame.herostory] contains illegal characters, allowing only ^[%|a-zA-Z0-9_-]+$
For more information, please visit the url, http://rocketmq.apache.org/docs/faq/
	at org.apache.rocketmq.client.Validators.checkGroup(Validators.java:57)
	at org.apache.rocketmq.client.impl.producer.DefaultMQProducerImpl.checkConfig(DefaultMQProducerImpl.java:217)
	at org.apache.rocketmq.client.impl.producer.DefaultMQProducerImpl.start(DefaultMQProducerImpl.java:176)
	at org.apache.rocketmq.client.impl.producer.DefaultMQProducerImpl.start(DefaultMQProducerImpl.java:168)
	at org.apache.rocketmq.client.producer.DefaultMQProducer.start(DefaultMQProducer.java:231)
	at org.tinygame.herostory.mq.MQProducer.init(MqProducer.java:39)
	at org.tinygame.herostory.ServerMain.main(ServerMain.java:38)
[13:55:48,722] [INFO] ServerMain.main --> 服务器启动成功!
[13:56:33,000] [INFO] CmdHandlerFactory.init --> ==== 完成 Cmd 和 Handler 的关联 ====
[13:56:33,133] [INFO] CmdHandlerFactory.init --> 关联 org.tinygame.herostory.msg.GameMsgProtocol$UserEntryCmd <==> org.tinygame.herostory.cmdHandler.UserEntryCmdHandler
[13:56:33,149] [INFO] CmdHandlerFactory.init --> 关联 org.tinygame.herostory.msg.GameMsgProtocol$WhoElseIsHereCmd <==> org.tinygame.herostory.cmdHandler.WhoElseIsHereCmdHandler
[13:56:33,149] [INFO] CmdHandlerFactory.init --> 关联 org.tinygame.herostory.msg.GameMsgProtocol$GetRankCmd <==> org.tinygame.herostory.cmdHandler.GetRankCmdHandler
[13:56:33,149] [INFO] CmdHandlerFactory.init --> 关联 org.tinygame.herostory.msg.GameMsgProtocol$UserAttkCmd <==> org.tinygame.herostory.cmdHandler.UserAttkCmdHandler
[13:56:33,149] [INFO] CmdHandlerFactory.init --> 关联 org.tinygame.herostory.msg.GameMsgProtocol$UserLoginCmd <==> org.tinygame.herostory.cmdHandler.UserLoginCmdHandler
[13:56:33,149] [INFO] CmdHandlerFactory.init --> 关联 org.tinygame.herostory.msg.GameMsgProtocol$UserMoveToCmd <==> org.tinygame.herostory.cmdHandler.UserMoveToCmdHandler
[13:56:33,149] [INFO] GameMsgRecognizer.init --> ==== 完成 MsgBody 和 MsgCode 的关联 ====
[13:56:33,222] [INFO] GameMsgRecognizer.init --> 关联 org.tinygame.herostory.msg.GameMsgProtocol$GetRankResult <==> 18
[13:56:33,222] [INFO] GameMsgRecognizer.init --> 关联 org.tinygame.herostory.msg.GameMsgProtocol$GetRankCmd <==> 17
[13:56:33,237] [INFO] GameMsgRecognizer.init --> 关联 org.tinygame.herostory.msg.GameMsgProtocol$SelectHeroResult <==> 16
[13:56:33,245] [INFO] GameMsgRecognizer.init --> 关联 org.tinygame.herostory.msg.GameMsgProtocol$SelectHeroCmd <==> 15
[13:56:33,246] [INFO] GameMsgRecognizer.init --> 关联 org.tinygame.herostory.msg.GameMsgProtocol$UserLoginResult <==> 14
[13:56:33,246] [INFO] GameMsgRecognizer.init --> 关联 org.tinygame.herostory.msg.GameMsgProtocol$UserLoginCmd <==> 13
[13:56:33,246] [INFO] GameMsgRecognizer.init --> 关联 org.tinygame.herostory.msg.GameMsgProtocol$UserDieResult <==> 12
[13:56:33,262] [INFO] GameMsgRecognizer.init --> 关联 org.tinygame.herostory.msg.GameMsgProtocol$UserSubtractHpResult <==> 11
[13:56:33,262] [INFO] GameMsgRecognizer.init --> 关联 org.tinygame.herostory.msg.GameMsgProtocol$UserAttkResult <==> 10
[13:56:33,262] [INFO] GameMsgRecognizer.init --> 关联 org.tinygame.herostory.msg.GameMsgProtocol$UserAttkCmd <==> 9
[13:56:33,275] [INFO] GameMsgRecognizer.init --> 关联 org.tinygame.herostory.msg.GameMsgProtocol$UserStopResult <==> 8
[13:56:33,275] [INFO] GameMsgRecognizer.init --> 关联 org.tinygame.herostory.msg.GameMsgProtocol$UserStopCmd <==> 7
[13:56:33,275] [INFO] GameMsgRecognizer.init --> 关联 org.tinygame.herostory.msg.GameMsgProtocol$UserQuitResult <==> 6
[13:56:33,275] [INFO] GameMsgRecognizer.init --> 关联 org.tinygame.herostory.msg.GameMsgProtocol$UserMoveToResult <==> 5
[13:56:33,275] [INFO] GameMsgRecognizer.init --> 关联 org.tinygame.herostory.msg.GameMsgProtocol$UserMoveToCmd <==> 4
[13:56:33,291] [INFO] GameMsgRecognizer.init --> 关联 org.tinygame.herostory.msg.GameMsgProtocol$WhoElseIsHereResult <==> 3
[13:56:33,291] [INFO] GameMsgRecognizer.init --> 关联 org.tinygame.herostory.msg.GameMsgProtocol$WhoElseIsHereCmd <==> 2
[13:56:33,291] [INFO] GameMsgRecognizer.init --> 关联 org.tinygame.herostory.msg.GameMsgProtocol$UserEntryResult <==> 1
[13:56:33,291] [INFO] GameMsgRecognizer.init --> 关联 org.tinygame.herostory.msg.GameMsgProtocol$UserEntryCmd <==> 0
[13:56:35,263] [INFO] ServerMain.main --> 服务器启动成功!
[14:00:20,518] [INFO] CmdHandlerFactory.init --> ==== 完成 Cmd 和 Handler 的关联 ====
[14:00:20,633] [INFO] CmdHandlerFactory.init --> 关联 org.tinygame.herostory.msg.GameMsgProtocol$UserEntryCmd <==> org.tinygame.herostory.cmdHandler.UserEntryCmdHandler
[14:00:20,649] [INFO] CmdHandlerFactory.init --> 关联 org.tinygame.herostory.msg.GameMsgProtocol$WhoElseIsHereCmd <==> org.tinygame.herostory.cmdHandler.WhoElseIsHereCmdHandler
[14:00:20,649] [INFO] CmdHandlerFactory.init --> 关联 org.tinygame.herostory.msg.GameMsgProtocol$GetRankCmd <==> org.tinygame.herostory.cmdHandler.GetRankCmdHandler
[14:00:20,649] [INFO] CmdHandlerFactory.init --> 关联 org.tinygame.herostory.msg.GameMsgProtocol$UserAttkCmd <==> org.tinygame.herostory.cmdHandler.UserAttkCmdHandler
[14:00:20,649] [INFO] CmdHandlerFactory.init --> 关联 org.tinygame.herostory.msg.GameMsgProtocol$UserLoginCmd <==> org.tinygame.herostory.cmdHandler.UserLoginCmdHandler
[14:00:20,649] [INFO] CmdHandlerFactory.init --> 关联 org.tinygame.herostory.msg.GameMsgProtocol$UserMoveToCmd <==> org.tinygame.herostory.cmdHandler.UserMoveToCmdHandler
[14:00:20,649] [INFO] GameMsgRecognizer.init --> ==== 完成 MsgBody 和 MsgCode 的关联 ====
[14:00:20,721] [INFO] GameMsgRecognizer.init --> 关联 org.tinygame.herostory.msg.GameMsgProtocol$GetRankResult <==> 18
[14:00:20,721] [INFO] GameMsgRecognizer.init --> 关联 org.tinygame.herostory.msg.GameMsgProtocol$GetRankCmd <==> 17
[14:00:20,721] [INFO] GameMsgRecognizer.init --> 关联 org.tinygame.herostory.msg.GameMsgProtocol$SelectHeroResult <==> 16
[14:00:20,736] [INFO] GameMsgRecognizer.init --> 关联 org.tinygame.herostory.msg.GameMsgProtocol$SelectHeroCmd <==> 15
[14:00:20,736] [INFO] GameMsgRecognizer.init --> 关联 org.tinygame.herostory.msg.GameMsgProtocol$UserLoginResult <==> 14
[14:00:20,736] [INFO] GameMsgRecognizer.init --> 关联 org.tinygame.herostory.msg.GameMsgProtocol$UserLoginCmd <==> 13
[14:00:20,736] [INFO] GameMsgRecognizer.init --> 关联 org.tinygame.herostory.msg.GameMsgProtocol$UserDieResult <==> 12
[14:00:20,752] [INFO] GameMsgRecognizer.init --> 关联 org.tinygame.herostory.msg.GameMsgProtocol$UserSubtractHpResult <==> 11
[14:00:20,752] [INFO] GameMsgRecognizer.init --> 关联 org.tinygame.herostory.msg.GameMsgProtocol$UserAttkResult <==> 10
[14:00:20,752] [INFO] GameMsgRecognizer.init --> 关联 org.tinygame.herostory.msg.GameMsgProtocol$UserAttkCmd <==> 9
[14:00:20,752] [INFO] GameMsgRecognizer.init --> 关联 org.tinygame.herostory.msg.GameMsgProtocol$UserStopResult <==> 8
[14:00:20,768] [INFO] GameMsgRecognizer.init --> 关联 org.tinygame.herostory.msg.GameMsgProtocol$UserStopCmd <==> 7
[14:00:20,768] [INFO] GameMsgRecognizer.init --> 关联 org.tinygame.herostory.msg.GameMsgProtocol$UserQuitResult <==> 6
[14:00:20,768] [INFO] GameMsgRecognizer.init --> 关联 org.tinygame.herostory.msg.GameMsgProtocol$UserMoveToResult <==> 5
[14:00:20,768] [INFO] GameMsgRecognizer.init --> 关联 org.tinygame.herostory.msg.GameMsgProtocol$UserMoveToCmd <==> 4
[14:00:20,783] [INFO] GameMsgRecognizer.init --> 关联 org.tinygame.herostory.msg.GameMsgProtocol$WhoElseIsHereResult <==> 3
[14:00:20,790] [INFO] GameMsgRecognizer.init --> 关联 org.tinygame.herostory.msg.GameMsgProtocol$WhoElseIsHereCmd <==> 2
[14:00:20,790] [INFO] GameMsgRecognizer.init --> 关联 org.tinygame.herostory.msg.GameMsgProtocol$UserEntryResult <==> 1
[14:00:20,790] [INFO] GameMsgRecognizer.init --> 关联 org.tinygame.herostory.msg.GameMsgProtocol$UserEntryCmd <==> 0
[14:00:22,823] [INFO] ServerMain.main --> 服务器启动成功!
[14:01:10,623] [INFO] MainThreadProcessor.process --> 收到客户端消息, msgClazz = org.tinygame.herostory.msg.GameMsgProtocol$UserLoginCmd
[14:01:10,625] [INFO] UserLoginCmdHandler.handle --> 用户登陆, userName = t, password = 1
[14:01:10,626] [INFO] UserLoginCmdHandler.handle --> 当前线程 = MainThreadProcessor
[14:01:10,644] [INFO] LoginService$AsyncGetUserByName.doAsync --> 当前线程 = AsyncOperationProcessor_4
[14:01:11,150] [INFO] UserLoginCmdHandler.lambda$handle$0 --> 用户登陆成功, userId = 4, userName = t
[14:01:11,151] [INFO] UserLoginCmdHandler.lambda$handle$0 --> 当前线程 = MainThreadProcessor
[14:01:11,307] [INFO] MainThreadProcessor.process --> 收到客户端消息, msgClazz = org.tinygame.herostory.msg.GameMsgProtocol$UserEntryCmd
[14:01:11,309] [INFO] MainThreadProcessor.process --> 收到客户端消息, msgClazz = org.tinygame.herostory.msg.GameMsgProtocol$WhoElseIsHereCmd
[14:01:15,974] [INFO] MainThreadProcessor.process --> 收到客户端消息, msgClazz = org.tinygame.herostory.msg.GameMsgProtocol$UserMoveToCmd
[14:01:17,078] [INFO] MainThreadProcessor.process --> 收到客户端消息, msgClazz = org.tinygame.herostory.msg.GameMsgProtocol$UserMoveToCmd
[14:01:24,627] [INFO] MainThreadProcessor.process --> 收到客户端消息, msgClazz = org.tinygame.herostory.msg.GameMsgProtocol$UserLoginCmd
[14:01:24,627] [INFO] UserLoginCmdHandler.handle --> 用户登陆, userName = a, password = q
[14:01:24,627] [INFO] UserLoginCmdHandler.handle --> 当前线程 = MainThreadProcessor
[14:01:24,628] [INFO] LoginService$AsyncGetUserByName.doAsync --> 当前线程 = AsyncOperationProcessor_1
[14:01:24,638] [INFO] UserLoginCmdHandler.lambda$handle$0 --> 用户登陆成功, userId = 1, userName = a
[14:01:24,639] [INFO] UserLoginCmdHandler.lambda$handle$0 --> 当前线程 = MainThreadProcessor
[14:01:24,742] [INFO] MainThreadProcessor.process --> 收到客户端消息, msgClazz = org.tinygame.herostory.msg.GameMsgProtocol$UserEntryCmd
[14:01:24,742] [INFO] MainThreadProcessor.process --> 收到客户端消息, msgClazz = org.tinygame.herostory.msg.GameMsgProtocol$WhoElseIsHereCmd
[14:01:25,758] [INFO] MainThreadProcessor.process --> 收到客户端消息, msgClazz = org.tinygame.herostory.msg.GameMsgProtocol$UserMoveToCmd
[14:01:27,150] [INFO] MainThreadProcessor.process --> 收到客户端消息, msgClazz = org.tinygame.herostory.msg.GameMsgProtocol$UserMoveToCmd
[14:01:28,690] [INFO] MainThreadProcessor.process --> 收到客户端消息, msgClazz = org.tinygame.herostory.msg.GameMsgProtocol$UserMoveToCmd
[14:01:29,450] [INFO] MainThreadProcessor.process --> 收到客户端消息, msgClazz = org.tinygame.herostory.msg.GameMsgProtocol$UserMoveToCmd
[14:01:31,951] [INFO] MainThreadProcessor.process --> 收到客户端消息, msgClazz = org.tinygame.herostory.msg.GameMsgProtocol$UserMoveToCmd
[14:12:57,853] [INFO] Slf4jLoggerFactory$Slf4jLogger.info --> closeChannel: close the connection to remote address[] result: true
[14:14:11,326] [INFO] MainThreadProcessor.process --> 收到客户端消息, msgClazz = org.tinygame.herostory.msg.GameMsgProtocol$UserAttkCmd
[14:14:14,949] [INFO] MainThreadProcessor.process --> 收到客户端消息, msgClazz = org.tinygame.herostory.msg.GameMsgProtocol$UserAttkCmd
[14:14:14,951] [INFO] UserAttkCmdHandler.handle --> 当前线程 = MainThreadProcessor
[14:14:15,373] [INFO] MainThreadProcessor.process --> 收到客户端消息, msgClazz = org.tinygame.herostory.msg.GameMsgProtocol$UserAttkCmd
[14:14:15,374] [INFO] UserAttkCmdHandler.handle --> 当前线程 = MainThreadProcessor
[14:14:15,543] [INFO] MainThreadProcessor.process --> 收到客户端消息, msgClazz = org.tinygame.herostory.msg.GameMsgProtocol$UserAttkCmd
[14:14:15,544] [INFO] UserAttkCmdHandler.handle --> 当前线程 = MainThreadProcessor
[14:14:15,960] [INFO] MainThreadProcessor.process --> 收到客户端消息, msgClazz = org.tinygame.herostory.msg.GameMsgProtocol$UserAttkCmd
[14:14:15,961] [INFO] UserAttkCmdHandler.handle --> 当前线程 = MainThreadProcessor
[14:14:16,108] [INFO] MainThreadProcessor.process --> 收到客户端消息, msgClazz = org.tinygame.herostory.msg.GameMsgProtocol$UserAttkCmd
[14:14:16,109] [INFO] UserAttkCmdHandler.handle --> 当前线程 = MainThreadProcessor
[14:14:16,259] [INFO] MainThreadProcessor.process --> 收到客户端消息, msgClazz = org.tinygame.herostory.msg.GameMsgProtocol$UserAttkCmd
[14:14:16,259] [INFO] UserAttkCmdHandler.handle --> 当前线程 = MainThreadProcessor
[14:14:16,406] [INFO] MainThreadProcessor.process --> 收到客户端消息, msgClazz = org.tinygame.herostory.msg.GameMsgProtocol$UserAttkCmd
[14:14:16,407] [INFO] UserAttkCmdHandler.handle --> 当前线程 = MainThreadProcessor
[14:14:16,560] [INFO] MainThreadProcessor.process --> 收到客户端消息, msgClazz = org.tinygame.herostory.msg.GameMsgProtocol$UserAttkCmd
[14:14:16,561] [INFO] UserAttkCmdHandler.handle --> 当前线程 = MainThreadProcessor
[14:14:16,722] [INFO] MainThreadProcessor.process --> 收到客户端消息, msgClazz = org.tinygame.herostory.msg.GameMsgProtocol$UserAttkCmd
[14:14:16,724] [INFO] UserAttkCmdHandler.handle --> 当前线程 = MainThreadProcessor
[14:14:17,159] [INFO] MainThreadProcessor.process --> 收到客户端消息, msgClazz = org.tinygame.herostory.msg.GameMsgProtocol$UserAttkCmd
[14:14:17,160] [INFO] UserAttkCmdHandler.handle --> 当前线程 = MainThreadProcessor
[14:14:17,819] [INFO] MainThreadProcessor.process --> 收到客户端消息, msgClazz = org.tinygame.herostory.msg.GameMsgProtocol$UserAttkCmd
[14:14:17,820] [INFO] UserAttkCmdHandler.handle --> 当前线程 = MainThreadProcessor
[14:14:17,975] [INFO] MainThreadProcessor.process --> 收到客户端消息, msgClazz = org.tinygame.herostory.msg.GameMsgProtocol$UserAttkCmd
[14:14:17,976] [INFO] UserAttkCmdHandler.handle --> 当前线程 = MainThreadProcessor
[14:16:18,022] [INFO] Slf4jLoggerFactory$Slf4jLogger.info --> closeChannel: close the connection to remote address[10.0.1.10:10909] result: true
[14:37:07,047] [INFO] RankApp.main --> 排行榜应用程序启动成功!
[14:37:44,479] [INFO] RankApp.main --> 排行榜应用程序启动成功!
[14:37:44,726] [INFO] MQConsumer$1.consumeMessage --> 从消息队列中收到战斗结果, winnerId = 1, loserId = 4
[14:37:44,726] [INFO] MQConsumer$1.consumeMessage --> 从消息队列中收到战斗结果, winnerId = 1, loserId = 4
[14:37:44,726] [INFO] MQConsumer$1.consumeMessage --> 从消息队列中收到战斗结果, winnerId = 1, loserId = 4
[14:38:44,195] [INFO] CmdHandlerFactory.init --> ==== 完成 Cmd 和 Handler 的关联 ====
[14:38:44,333] [INFO] CmdHandlerFactory.init --> 关联 org.tinygame.herostory.msg.GameMsgProtocol$UserEntryCmd <==> org.tinygame.herostory.cmdHandler.UserEntryCmdHandler
[14:38:44,333] [INFO] CmdHandlerFactory.init --> 关联 org.tinygame.herostory.msg.GameMsgProtocol$WhoElseIsHereCmd <==> org.tinygame.herostory.cmdHandler.WhoElseIsHereCmdHandler
[14:38:44,333] [INFO] CmdHandlerFactory.init --> 关联 org.tinygame.herostory.msg.GameMsgProtocol$GetRankCmd <==> org.tinygame.herostory.cmdHandler.GetRankCmdHandler
[14:38:44,333] [INFO] CmdHandlerFactory.init --> 关联 org.tinygame.herostory.msg.GameMsgProtocol$UserAttkCmd <==> org.tinygame.herostory.cmdHandler.UserAttkCmdHandler
[14:38:44,333] [INFO] CmdHandlerFactory.init --> 关联 org.tinygame.herostory.msg.GameMsgProtocol$UserLoginCmd <==> org.tinygame.herostory.cmdHandler.UserLoginCmdHandler
[14:38:44,333] [INFO] CmdHandlerFactory.init --> 关联 org.tinygame.herostory.msg.GameMsgProtocol$UserMoveToCmd <==> org.tinygame.herostory.cmdHandler.UserMoveToCmdHandler
[14:38:44,349] [INFO] GameMsgRecognizer.init --> ==== 完成 MsgBody 和 MsgCode 的关联 ====
[14:38:44,418] [INFO] GameMsgRecognizer.init --> 关联 org.tinygame.herostory.msg.GameMsgProtocol$GetRankResult <==> 18
[14:38:44,418] [INFO] GameMsgRecognizer.init --> 关联 org.tinygame.herostory.msg.GameMsgProtocol$GetRankCmd <==> 17
[14:38:44,434] [INFO] GameMsgRecognizer.init --> 关联 org.tinygame.herostory.msg.GameMsgProtocol$SelectHeroResult <==> 16
[14:38:44,434] [INFO] GameMsgRecognizer.init --> 关联 org.tinygame.herostory.msg.GameMsgProtocol$SelectHeroCmd <==> 15
[14:38:44,434] [INFO] GameMsgRecognizer.init --> 关联 org.tinygame.herostory.msg.GameMsgProtocol$UserLoginResult <==> 14
[14:38:44,434] [INFO] GameMsgRecognizer.init --> 关联 org.tinygame.herostory.msg.GameMsgProtocol$UserLoginCmd <==> 13
[14:38:44,434] [INFO] GameMsgRecognizer.init --> 关联 org.tinygame.herostory.msg.GameMsgProtocol$UserDieResult <==> 12
[14:38:44,434] [INFO] GameMsgRecognizer.init --> 关联 org.tinygame.herostory.msg.GameMsgProtocol$UserSubtractHpResult <==> 11
[14:38:44,449] [INFO] GameMsgRecognizer.init --> 关联 org.tinygame.herostory.msg.GameMsgProtocol$UserAttkResult <==> 10
[14:38:44,449] [INFO] GameMsgRecognizer.init --> 关联 org.tinygame.herostory.msg.GameMsgProtocol$UserAttkCmd <==> 9
[14:38:44,449] [INFO] GameMsgRecognizer.init --> 关联 org.tinygame.herostory.msg.GameMsgProtocol$UserStopResult <==> 8
[14:38:44,449] [INFO] GameMsgRecognizer.init --> 关联 org.tinygame.herostory.msg.GameMsgProtocol$UserStopCmd <==> 7
[14:38:44,465] [INFO] GameMsgRecognizer.init --> 关联 org.tinygame.herostory.msg.GameMsgProtocol$UserQuitResult <==> 6
[14:38:44,465] [INFO] GameMsgRecognizer.init --> 关联 org.tinygame.herostory.msg.GameMsgProtocol$UserMoveToResult <==> 5
[14:38:44,465] [INFO] GameMsgRecognizer.init --> 关联 org.tinygame.herostory.msg.GameMsgProtocol$UserMoveToCmd <==> 4
[14:38:44,465] [INFO] GameMsgRecognizer.init --> 关联 org.tinygame.herostory.msg.GameMsgProtocol$WhoElseIsHereResult <==> 3
[14:38:44,481] [INFO] GameMsgRecognizer.init --> 关联 org.tinygame.herostory.msg.GameMsgProtocol$WhoElseIsHereCmd <==> 2
[14:38:44,481] [INFO] GameMsgRecognizer.init --> 关联 org.tinygame.herostory.msg.GameMsgProtocol$UserEntryResult <==> 1
[14:38:44,481] [INFO] GameMsgRecognizer.init --> 关联 org.tinygame.herostory.msg.GameMsgProtocol$UserEntryCmd <==> 0
[14:38:46,549] [INFO] ServerMain.main --> 服务器启动成功!
[14:39:01,671] [INFO] MainThreadProcessor.process --> 收到客户端消息, msgClazz = org.tinygame.herostory.msg.GameMsgProtocol$UserLoginCmd
[14:39:01,675] [INFO] UserLoginCmdHandler.handle --> 用户登陆, userName = a, password = q
[14:39:01,675] [INFO] UserLoginCmdHandler.handle --> 当前线程 = MainThreadProcessor
[14:39:01,695] [INFO] LoginService$AsyncGetUserByName.doAsync --> 当前线程 = AsyncOperationProcessor_1
[14:39:02,187] [INFO] UserLoginCmdHandler.lambda$handle$0 --> 用户登陆成功, userId = 1, userName = a
[14:39:02,188] [INFO] UserLoginCmdHandler.lambda$handle$0 --> 当前线程 = MainThreadProcessor
[14:39:02,345] [INFO] MainThreadProcessor.process --> 收到客户端消息, msgClazz = org.tinygame.herostory.msg.GameMsgProtocol$UserEntryCmd
[14:39:02,347] [INFO] MainThreadProcessor.process --> 收到客户端消息, msgClazz = org.tinygame.herostory.msg.GameMsgProtocol$WhoElseIsHereCmd
[14:39:06,165] [INFO] MainThreadProcessor.process --> 收到客户端消息, msgClazz = org.tinygame.herostory.msg.GameMsgProtocol$UserLoginCmd
[14:39:06,166] [INFO] UserLoginCmdHandler.handle --> 用户登陆, userName = b, password = 1
[14:39:06,167] [INFO] UserLoginCmdHandler.handle --> 当前线程 = MainThreadProcessor
[14:39:06,169] [INFO] LoginService$AsyncGetUserByName.doAsync --> 当前线程 = AsyncOperationProcessor_2
[14:39:06,179] [INFO] UserLoginCmdHandler.lambda$handle$0 --> 用户登陆成功, userId = 2, userName = b
[14:39:06,179] [INFO] UserLoginCmdHandler.lambda$handle$0 --> 当前线程 = MainThreadProcessor
[14:39:06,292] [INFO] MainThreadProcessor.process --> 收到客户端消息, msgClazz = org.tinygame.herostory.msg.GameMsgProtocol$UserEntryCmd
[14:39:06,293] [INFO] MainThreadProcessor.process --> 收到客户端消息, msgClazz = org.tinygame.herostory.msg.GameMsgProtocol$WhoElseIsHereCmd
[14:39:08,156] [INFO] MainThreadProcessor.process --> 收到客户端消息, msgClazz = org.tinygame.herostory.msg.GameMsgProtocol$UserMoveToCmd
[14:39:09,443] [INFO] MainThreadProcessor.process --> 收到客户端消息, msgClazz = org.tinygame.herostory.msg.GameMsgProtocol$UserAttkCmd
[14:39:09,877] [INFO] MainThreadProcessor.process --> 收到客户端消息, msgClazz = org.tinygame.herostory.msg.GameMsgProtocol$UserMoveToCmd
[14:39:11,059] [INFO] MainThreadProcessor.process --> 收到客户端消息, msgClazz = org.tinygame.herostory.msg.GameMsgProtocol$UserMoveToCmd
[14:39:13,172] [INFO] MainThreadProcessor.process --> 收到客户端消息, msgClazz = org.tinygame.herostory.msg.GameMsgProtocol$UserMoveToCmd
[14:39:15,418] [INFO] MainThreadProcessor.process --> 收到客户端消息, msgClazz = org.tinygame.herostory.msg.GameMsgProtocol$UserMoveToCmd
[14:39:17,123] [INFO] MainThreadProcessor.process --> 收到客户端消息, msgClazz = org.tinygame.herostory.msg.GameMsgProtocol$UserMoveToCmd
[14:39:18,839] [INFO] MainThreadProcessor.process --> 收到客户端消息, msgClazz = org.tinygame.herostory.msg.GameMsgProtocol$UserMoveToCmd
[14:39:37,445] [INFO] MainThreadProcessor.process --> 收到客户端消息, msgClazz = org.tinygame.herostory.msg.GameMsgProtocol$UserMoveToCmd
[14:39:38,923] [INFO] MainThreadProcessor.process --> 收到客户端消息, msgClazz = org.tinygame.herostory.msg.GameMsgProtocol$UserMoveToCmd
[14:39:39,592] [INFO] MainThreadProcessor.process --> 收到客户端消息, msgClazz = org.tinygame.herostory.msg.GameMsgProtocol$UserMoveToCmd
[14:39:40,469] [INFO] MainThreadProcessor.process --> 收到客户端消息, msgClazz = org.tinygame.herostory.msg.GameMsgProtocol$UserAttkCmd
[14:39:41,637] [INFO] MainThreadProcessor.process --> 收到客户端消息, msgClazz = org.tinygame.herostory.msg.GameMsgProtocol$UserMoveToCmd
[14:39:41,893] [INFO] MainThreadProcessor.process --> 收到客户端消息, msgClazz = org.tinygame.herostory.msg.GameMsgProtocol$UserAttkCmd
[14:39:41,894] [INFO] UserAttkCmdHandler.handle --> 当前线程 = MainThreadProcessor
[14:39:42,072] [INFO] MainThreadProcessor.process --> 收到客户端消息, msgClazz = org.tinygame.herostory.msg.GameMsgProtocol$UserAttkCmd
[14:39:42,073] [INFO] UserAttkCmdHandler.handle --> 当前线程 = MainThreadProcessor
[14:39:42,241] [INFO] MainThreadProcessor.process --> 收到客户端消息, msgClazz = org.tinygame.herostory.msg.GameMsgProtocol$UserAttkCmd
[14:39:42,242] [INFO] UserAttkCmdHandler.handle --> 当前线程 = MainThreadProcessor
[14:39:42,404] [INFO] MainThreadProcessor.process --> 收到客户端消息, msgClazz = org.tinygame.herostory.msg.GameMsgProtocol$UserAttkCmd
[14:39:42,405] [INFO] UserAttkCmdHandler.handle --> 当前线程 = MainThreadProcessor
[14:39:42,570] [INFO] MainThreadProcessor.process --> 收到客户端消息, msgClazz = org.tinygame.herostory.msg.GameMsgProtocol$UserAttkCmd
[14:39:42,571] [INFO] UserAttkCmdHandler.handle --> 当前线程 = MainThreadProcessor
[14:39:42,722] [INFO] MainThreadProcessor.process --> 收到客户端消息, msgClazz = org.tinygame.herostory.msg.GameMsgProtocol$UserAttkCmd
[14:39:42,723] [INFO] UserAttkCmdHandler.handle --> 当前线程 = MainThreadProcessor
[14:39:42,872] [INFO] MainThreadProcessor.process --> 收到客户端消息, msgClazz = org.tinygame.herostory.msg.GameMsgProtocol$UserAttkCmd
[14:39:42,875] [INFO] UserAttkCmdHandler.handle --> 当前线程 = MainThreadProcessor
[14:39:43,023] [INFO] MainThreadProcessor.process --> 收到客户端消息, msgClazz = org.tinygame.herostory.msg.GameMsgProtocol$UserAttkCmd
[14:39:43,024] [INFO] UserAttkCmdHandler.handle --> 当前线程 = MainThreadProcessor
[14:39:43,206] [INFO] MainThreadProcessor.process --> 收到客户端消息, msgClazz = org.tinygame.herostory.msg.GameMsgProtocol$UserAttkCmd
[14:39:43,208] [INFO] UserAttkCmdHandler.handle --> 当前线程 = MainThreadProcessor
[14:39:52,735] [INFO] MainThreadProcessor.process --> 收到客户端消息, msgClazz = org.tinygame.herostory.msg.GameMsgProtocol$UserAttkCmd
[14:39:52,736] [INFO] UserAttkCmdHandler.handle --> 当前线程 = MainThreadProcessor
[14:39:53,235] [INFO] MQConsumer$1.consumeMessage --> 从消息队列中收到战斗结果, winnerId = 1, loserId = 2
[14:41:53,263] [INFO] Slf4jLoggerFactory$Slf4jLogger.info --> closeChannel: close the connection to remote address[10.0.1.10:10909] result: true
[14:48:17,390] [INFO] RankApp.main --> 排行榜应用程序启动成功!
[14:48:23,792] [INFO] MainThreadProcessor.process --> 收到客户端消息, msgClazz = org.tinygame.herostory.msg.GameMsgProtocol$UserAttkCmd
[14:48:23,795] [INFO] UserAttkCmdHandler.handle --> 当前线程 = MainThreadProcessor
[14:48:23,867] [INFO] MQConsumer$1.consumeMessage --> 从消息队列中收到战斗结果, winnerId = 1, loserId = 2
[14:48:23,873] [ERROR] RankService.refreshRank --> _jedisPool 尚未初始化
java.lang.RuntimeException: _jedisPool 尚未初始化
	at org.tinygame.herostory.util.RedisUtil.getJedis(RedisUtil.java:46)
	at org.tinygame.herostory.rank.RankService.refreshRank(RankService.java:130)
	at org.tinygame.herostory.mq.MQConsumer$1.consumeMessage(MQConsumer.java:60)
	at org.apache.rocketmq.client.impl.consumer.ConsumeMessageConcurrentlyService$ConsumeRequest.run(ConsumeMessageConcurrentlyService.java:417)
	at java.util.concurrent.Executors$RunnableAdapter.call(Executors.java:511)
	at java.util.concurrent.FutureTask.run(FutureTask.java:266)
	at java.util.concurrent.ThreadPoolExecutor.runWorker(ThreadPoolExecutor.java:1149)
	at java.util.concurrent.ThreadPoolExecutor$Worker.run(ThreadPoolExecutor.java:624)
	at java.lang.Thread.run(Thread.java:748)
[14:48:24,537] [INFO] MainThreadProcessor.process --> 收到客户端消息, msgClazz = org.tinygame.herostory.msg.GameMsgProtocol$UserAttkCmd
[14:48:24,538] [INFO] UserAttkCmdHandler.handle --> 当前线程 = MainThreadProcessor
[14:48:24,566] [INFO] MQConsumer$1.consumeMessage --> 从消息队列中收到战斗结果, winnerId = 1, loserId = 2
[14:48:24,568] [ERROR] RankService.refreshRank --> _jedisPool 尚未初始化
java.lang.RuntimeException: _jedisPool 尚未初始化
	at org.tinygame.herostory.util.RedisUtil.getJedis(RedisUtil.java:46)
	at org.tinygame.herostory.rank.RankService.refreshRank(RankService.java:130)
	at org.tinygame.herostory.mq.MQConsumer$1.consumeMessage(MQConsumer.java:60)
	at org.apache.rocketmq.client.impl.consumer.ConsumeMessageConcurrentlyService$ConsumeRequest.run(ConsumeMessageConcurrentlyService.java:417)
	at java.util.concurrent.Executors$RunnableAdapter.call(Executors.java:511)
	at java.util.concurrent.FutureTask.run(FutureTask.java:266)
	at java.util.concurrent.ThreadPoolExecutor.runWorker(ThreadPoolExecutor.java:1149)
	at java.util.concurrent.ThreadPoolExecutor$Worker.run(ThreadPoolExecutor.java:624)
	at java.lang.Thread.run(Thread.java:748)
[14:49:06,049] [INFO] RankApp.main --> 排行榜应用程序启动成功!
[14:49:11,410] [INFO] MainThreadProcessor.process --> 收到客户端消息, msgClazz = org.tinygame.herostory.msg.GameMsgProtocol$UserAttkCmd
[14:49:11,411] [INFO] UserAttkCmdHandler.handle --> 当前线程 = MainThreadProcessor
[14:49:11,513] [INFO] MQConsumer$1.consumeMessage --> 从消息队列中收到战斗结果, winnerId = 1, loserId = 2
[14:49:12,279] [INFO] MainThreadProcessor.process --> 收到客户端消息, msgClazz = org.tinygame.herostory.msg.GameMsgProtocol$UserAttkCmd
[14:49:12,280] [INFO] UserAttkCmdHandler.handle --> 当前线程 = MainThreadProcessor
[14:49:12,396] [INFO] MQConsumer$1.consumeMessage --> 从消息队列中收到战斗结果, winnerId = 1, loserId = 2
[14:49:12,913] [INFO] MainThreadProcessor.process --> 收到客户端消息, msgClazz = org.tinygame.herostory.msg.GameMsgProtocol$UserAttkCmd
[14:49:12,914] [INFO] UserAttkCmdHandler.handle --> 当前线程 = MainThreadProcessor
[14:49:13,006] [INFO] MQConsumer$1.consumeMessage --> 从消息队列中收到战斗结果, winnerId = 1, loserId = 2
[14:49:13,254] [INFO] MainThreadProcessor.process --> 收到客户端消息, msgClazz = org.tinygame.herostory.msg.GameMsgProtocol$UserAttkCmd
[14:49:13,256] [INFO] UserAttkCmdHandler.handle --> 当前线程 = MainThreadProcessor
[14:49:13,315] [INFO] MQConsumer$1.consumeMessage --> 从消息队列中收到战斗结果, winnerId = 1, loserId = 2
[14:49:13,409] [INFO] MainThreadProcessor.process --> 收到客户端消息, msgClazz = org.tinygame.herostory.msg.GameMsgProtocol$UserAttkCmd
[14:49:13,411] [INFO] UserAttkCmdHandler.handle --> 当前线程 = MainThreadProcessor
[14:49:13,426] [INFO] MQConsumer$1.consumeMessage --> 从消息队列中收到战斗结果, winnerId = 1, loserId = 2
[14:49:14,691] [INFO] MainThreadProcessor.process --> 收到客户端消息, msgClazz = org.tinygame.herostory.msg.GameMsgProtocol$GetRankCmd
[14:49:16,643] [INFO] MainThreadProcessor.process --> 收到客户端消息, msgClazz = org.tinygame.herostory.msg.GameMsgProtocol$UserAttkCmd
[14:49:16,644] [INFO] UserAttkCmdHandler.handle --> 当前线程 = MainThreadProcessor
[14:49:16,683] [INFO] MQConsumer$1.consumeMessage --> 从消息队列中收到战斗结果, winnerId = 1, loserId = 2
[14:49:17,684] [INFO] MainThreadProcessor.process --> 收到客户端消息, msgClazz = org.tinygame.herostory.msg.GameMsgProtocol$UserAttkCmd
[14:49:17,685] [INFO] UserAttkCmdHandler.handle --> 当前线程 = MainThreadProcessor
[14:49:17,921] [INFO] MQConsumer$1.consumeMessage --> 从消息队列中收到战斗结果, winnerId = 1, loserId = 2
[14:49:18,883] [INFO] MainThreadProcessor.process --> 收到客户端消息, msgClazz = org.tinygame.herostory.msg.GameMsgProtocol$GetRankCmd
[14:49:20,394] [INFO] MainThreadProcessor.process --> 收到客户端消息, msgClazz = org.tinygame.herostory.msg.GameMsgProtocol$UserAttkCmd
[14:49:20,395] [INFO] UserAttkCmdHandler.handle --> 当前线程 = MainThreadProcessor
[14:49:20,583] [INFO] MQConsumer$1.consumeMessage --> 从消息队列中收到战斗结果, winnerId = 1, loserId = 2
[14:49:30,594] [INFO] GameMsgHandler.handlerRemoved --> 用户离线, userId = 1
[14:49:33,843] [INFO] GameMsgHandler.handlerRemoved --> 用户离线, userId = 2
[14:49:38,895] [INFO] MainThreadProcessor.process --> 收到客户端消息, msgClazz = org.tinygame.herostory.msg.GameMsgProtocol$UserLoginCmd
[14:49:38,895] [INFO] UserLoginCmdHandler.handle --> 用户登陆, userName = a, password = q
[14:49:38,895] [INFO] UserLoginCmdHandler.handle --> 当前线程 = MainThreadProcessor
[14:49:38,895] [INFO] LoginService$AsyncGetUserByName.doAsync --> 当前线程 = AsyncOperationProcessor_1
[14:49:38,898] [INFO] UserLoginCmdHandler.lambda$handle$0 --> 用户登陆成功, userId = 1, userName = a
[14:49:38,898] [INFO] UserLoginCmdHandler.lambda$handle$0 --> 当前线程 = MainThreadProcessor
[14:49:38,996] [INFO] MainThreadProcessor.process --> 收到客户端消息, msgClazz = org.tinygame.herostory.msg.GameMsgProtocol$UserEntryCmd
[14:49:38,997] [INFO] MainThreadProcessor.process --> 收到客户端消息, msgClazz = org.tinygame.herostory.msg.GameMsgProtocol$WhoElseIsHereCmd
[14:49:42,675] [INFO] MainThreadProcessor.process --> 收到客户端消息, msgClazz = org.tinygame.herostory.msg.GameMsgProtocol$UserLoginCmd
[14:49:42,675] [INFO] UserLoginCmdHandler.handle --> 用户登陆, userName = c, password = 1
[14:49:42,676] [INFO] UserLoginCmdHandler.handle --> 当前线程 = MainThreadProcessor
[14:49:42,676] [INFO] LoginService$AsyncGetUserByName.doAsync --> 当前线程 = AsyncOperationProcessor_3
[14:49:42,706] [INFO] UserLoginCmdHandler.lambda$handle$0 --> 用户登陆成功, userId = 5, userName = c
[14:49:42,706] [INFO] UserLoginCmdHandler.lambda$handle$0 --> 当前线程 = MainThreadProcessor
[14:49:42,806] [INFO] MainThreadProcessor.process --> 收到客户端消息, msgClazz = org.tinygame.herostory.msg.GameMsgProtocol$UserEntryCmd
[14:49:42,807] [INFO] MainThreadProcessor.process --> 收到客户端消息, msgClazz = org.tinygame.herostory.msg.GameMsgProtocol$WhoElseIsHereCmd
[14:49:44,246] [INFO] MainThreadProcessor.process --> 收到客户端消息, msgClazz = org.tinygame.herostory.msg.GameMsgProtocol$UserMoveToCmd
[14:49:45,214] [INFO] MainThreadProcessor.process --> 收到客户端消息, msgClazz = org.tinygame.herostory.msg.GameMsgProtocol$UserMoveToCmd
[14:49:46,396] [INFO] MainThreadProcessor.process --> 收到客户端消息, msgClazz = org.tinygame.herostory.msg.GameMsgProtocol$GetRankCmd
[14:49:48,025] [INFO] MainThreadProcessor.process --> 收到客户端消息, msgClazz = org.tinygame.herostory.msg.GameMsgProtocol$UserAttkCmd
[14:49:50,291] [INFO] MainThreadProcessor.process --> 收到客户端消息, msgClazz = org.tinygame.herostory.msg.GameMsgProtocol$UserAttkCmd
[14:49:50,764] [INFO] MainThreadProcessor.process --> 收到客户端消息, msgClazz = org.tinygame.herostory.msg.GameMsgProtocol$UserMoveToCmd
[14:49:51,373] [INFO] MainThreadProcessor.process --> 收到客户端消息, msgClazz = org.tinygame.herostory.msg.GameMsgProtocol$UserMoveToCmd
[14:49:52,102] [INFO] MainThreadProcessor.process --> 收到客户端消息, msgClazz = org.tinygame.herostory.msg.GameMsgProtocol$UserMoveToCmd
[14:49:53,656] [INFO] MainThreadProcessor.process --> 收到客户端消息, msgClazz = org.tinygame.herostory.msg.GameMsgProtocol$UserAttkCmd
[14:49:53,657] [INFO] UserAttkCmdHandler.handle --> 当前线程 = MainThreadProcessor
[14:49:53,818] [INFO] MainThreadProcessor.process --> 收到客户端消息, msgClazz = org.tinygame.herostory.msg.GameMsgProtocol$UserAttkCmd
[14:49:53,820] [INFO] UserAttkCmdHandler.handle --> 当前线程 = MainThreadProcessor
[14:49:53,973] [INFO] MainThreadProcessor.process --> 收到客户端消息, msgClazz = org.tinygame.herostory.msg.GameMsgProtocol$UserAttkCmd
[14:49:53,974] [INFO] UserAttkCmdHandler.handle --> 当前线程 = MainThreadProcessor
[14:49:54,122] [INFO] MainThreadProcessor.process --> 收到客户端消息, msgClazz = org.tinygame.herostory.msg.GameMsgProtocol$UserAttkCmd
[14:49:54,123] [INFO] UserAttkCmdHandler.handle --> 当前线程 = MainThreadProcessor
[14:49:54,267] [INFO] MainThreadProcessor.process --> 收到客户端消息, msgClazz = org.tinygame.herostory.msg.GameMsgProtocol$UserAttkCmd
[14:49:54,270] [INFO] UserAttkCmdHandler.handle --> 当前线程 = MainThreadProcessor
[14:49:54,679] [INFO] MainThreadProcessor.process --> 收到客户端消息, msgClazz = org.tinygame.herostory.msg.GameMsgProtocol$UserAttkCmd
[14:49:54,680] [INFO] UserAttkCmdHandler.handle --> 当前线程 = MainThreadProcessor
[14:49:55,051] [INFO] MainThreadProcessor.process --> 收到客户端消息, msgClazz = org.tinygame.herostory.msg.GameMsgProtocol$UserAttkCmd
[14:49:55,053] [INFO] UserAttkCmdHandler.handle --> 当前线程 = MainThreadProcessor
[14:49:55,378] [INFO] MainThreadProcessor.process --> 收到客户端消息, msgClazz = org.tinygame.herostory.msg.GameMsgProtocol$UserAttkCmd
[14:49:55,379] [INFO] UserAttkCmdHandler.handle --> 当前线程 = MainThreadProcessor
[14:49:55,737] [INFO] MainThreadProcessor.process --> 收到客户端消息, msgClazz = org.tinygame.herostory.msg.GameMsgProtocol$UserAttkCmd
[14:49:55,738] [INFO] UserAttkCmdHandler.handle --> 当前线程 = MainThreadProcessor
[14:49:56,189] [INFO] MainThreadProcessor.process --> 收到客户端消息, msgClazz = org.tinygame.herostory.msg.GameMsgProtocol$UserAttkCmd
[14:49:56,190] [INFO] UserAttkCmdHandler.handle --> 当前线程 = MainThreadProcessor
[14:49:56,420] [INFO] MQConsumer$1.consumeMessage --> 从消息队列中收到战斗结果, winnerId = 5, loserId = 1
[14:49:57,738] [INFO] MainThreadProcessor.process --> 收到客户端消息, msgClazz = org.tinygame.herostory.msg.GameMsgProtocol$GetRankCmd
[14:50:09,059] [INFO] MainThreadProcessor.process --> 收到客户端消息, msgClazz = org.tinygame.herostory.msg.GameMsgProtocol$UserAttkCmd
[14:50:09,060] [INFO] UserAttkCmdHandler.handle --> 当前线程 = MainThreadProcessor
[14:50:09,121] [INFO] MQConsumer$1.consumeMessage --> 从消息队列中收到战斗结果, winnerId = 5, loserId = 1
[14:50:09,939] [INFO] MainThreadProcessor.process --> 收到客户端消息, msgClazz = org.tinygame.herostory.msg.GameMsgProtocol$UserAttkCmd
[14:50:09,940] [INFO] UserAttkCmdHandler.handle --> 当前线程 = MainThreadProcessor
[14:50:09,957] [INFO] MQConsumer$1.consumeMessage --> 从消息队列中收到战斗结果, winnerId = 5, loserId = 1
[14:50:11,220] [INFO] MainThreadProcessor.process --> 收到客户端消息, msgClazz = org.tinygame.herostory.msg.GameMsgProtocol$GetRankCmd
[14:50:12,671] [INFO] MainThreadProcessor.process --> 收到客户端消息, msgClazz = org.tinygame.herostory.msg.GameMsgProtocol$UserAttkCmd
[14:50:12,672] [INFO] UserAttkCmdHandler.handle --> 当前线程 = MainThreadProcessor
[14:50:12,808] [INFO] MQConsumer$1.consumeMessage --> 从消息队列中收到战斗结果, winnerId = 5, loserId = 1
[14:52:53,607] [INFO] CmdHandlerFactory.init --> ==== 完成 Cmd 和 Handler 的关联 ====
[14:52:53,830] [INFO] CmdHandlerFactory.init --> 关联 org.tinygame.herostory.msg.GameMsgProtocol$UserEntryCmd <==> org.tinygame.herostory.cmdHandler.UserEntryCmdHandler
[14:52:53,833] [INFO] CmdHandlerFactory.init --> 关联 org.tinygame.herostory.msg.GameMsgProtocol$WhoElseIsHereCmd <==> org.tinygame.herostory.cmdHandler.WhoElseIsHereCmdHandler
[14:52:53,837] [INFO] CmdHandlerFactory.init --> 关联 org.tinygame.herostory.msg.GameMsgProtocol$GetRankCmd <==> org.tinygame.herostory.cmdHandler.GetRankCmdHandler
[14:52:53,846] [INFO] CmdHandlerFactory.init --> 关联 org.tinygame.herostory.msg.GameMsgProtocol$UserAttkCmd <==> org.tinygame.herostory.cmdHandler.UserAttkCmdHandler
[14:52:53,850] [INFO] CmdHandlerFactory.init --> 关联 org.tinygame.herostory.msg.GameMsgProtocol$UserLoginCmd <==> org.tinygame.herostory.cmdHandler.UserLoginCmdHandler
[14:52:53,856] [INFO] CmdHandlerFactory.init --> 关联 org.tinygame.herostory.msg.GameMsgProtocol$UserMoveToCmd <==> org.tinygame.herostory.cmdHandler.UserMoveToCmdHandler
[14:52:53,864] [INFO] GameMsgRecognizer.init --> ==== 完成 MsgBody 和 MsgCode 的关联 ====
[14:52:53,968] [INFO] GameMsgRecognizer.init --> 关联 org.tinygame.herostory.msg.GameMsgProtocol$GetRankResult <==> 18
[14:52:53,971] [INFO] GameMsgRecognizer.init --> 关联 org.tinygame.herostory.msg.GameMsgProtocol$GetRankCmd <==> 17
[14:52:53,979] [INFO] GameMsgRecognizer.init --> 关联 org.tinygame.herostory.msg.GameMsgProtocol$SelectHeroResult <==> 16
[14:52:53,983] [INFO] GameMsgRecognizer.init --> 关联 org.tinygame.herostory.msg.GameMsgProtocol$SelectHeroCmd <==> 15
[14:52:53,987] [INFO] GameMsgRecognizer.init --> 关联 org.tinygame.herostory.msg.GameMsgProtocol$UserLoginResult <==> 14
[14:52:53,991] [INFO] GameMsgRecognizer.init --> 关联 org.tinygame.herostory.msg.GameMsgProtocol$UserLoginCmd <==> 13
[14:52:53,998] [INFO] GameMsgRecognizer.init --> 关联 org.tinygame.herostory.msg.GameMsgProtocol$UserDieResult <==> 12
[14:52:54,002] [INFO] GameMsgRecognizer.init --> 关联 org.tinygame.herostory.msg.GameMsgProtocol$UserSubtractHpResult <==> 11
[14:52:54,015] [INFO] GameMsgRecognizer.init --> 关联 org.tinygame.herostory.msg.GameMsgProtocol$UserAttkResult <==> 10
[14:52:54,019] [INFO] GameMsgRecognizer.init --> 关联 org.tinygame.herostory.msg.GameMsgProtocol$UserAttkCmd <==> 9
[14:52:54,022] [INFO] GameMsgRecognizer.init --> 关联 org.tinygame.herostory.msg.GameMsgProtocol$UserStopResult <==> 8
[14:52:54,030] [INFO] GameMsgRecognizer.init --> 关联 org.tinygame.herostory.msg.GameMsgProtocol$UserStopCmd <==> 7
[14:52:54,033] [INFO] GameMsgRecognizer.init --> 关联 org.tinygame.herostory.msg.GameMsgProtocol$UserQuitResult <==> 6
[14:52:54,047] [INFO] GameMsgRecognizer.init --> 关联 org.tinygame.herostory.msg.GameMsgProtocol$UserMoveToResult <==> 5
[14:52:54,051] [INFO] GameMsgRecognizer.init --> 关联 org.tinygame.herostory.msg.GameMsgProtocol$UserMoveToCmd <==> 4
[14:52:54,068] [INFO] GameMsgRecognizer.init --> 关联 org.tinygame.herostory.msg.GameMsgProtocol$WhoElseIsHereResult <==> 3
[14:52:54,072] [INFO] GameMsgRecognizer.init --> 关联 org.tinygame.herostory.msg.GameMsgProtocol$WhoElseIsHereCmd <==> 2
[14:52:54,083] [INFO] GameMsgRecognizer.init --> 关联 org.tinygame.herostory.msg.GameMsgProtocol$UserEntryResult <==> 1
[14:52:54,086] [INFO] GameMsgRecognizer.init --> 关联 org.tinygame.herostory.msg.GameMsgProtocol$UserEntryCmd <==> 0
[14:52:57,231] [INFO] ServerMain.main --> 服务器启动成功!
[14:53:05,653] [INFO] RankApp.main --> 排行榜应用程序启动成功!
[14:53:32,889] [INFO] MainThreadProcessor.process --> 收到客户端消息, msgClazz = org.tinygame.herostory.msg.GameMsgProtocol$UserLoginCmd
[14:53:32,894] [INFO] UserLoginCmdHandler.handle --> 用户登陆, userName = c, password = 1
[14:53:32,894] [INFO] UserLoginCmdHandler.handle --> 当前线程 = MainThreadProcessor
[14:53:32,912] [INFO] LoginService$AsyncGetUserByName.doAsync --> 当前线程 = AsyncOperationProcessor_3
[14:53:33,349] [INFO] UserLoginCmdHandler.lambda$handle$0 --> 用户登陆成功, userId = 5, userName = c
[14:53:33,349] [INFO] UserLoginCmdHandler.lambda$handle$0 --> 当前线程 = MainThreadProcessor
[14:53:33,499] [INFO] MainThreadProcessor.process --> 收到客户端消息, msgClazz = org.tinygame.herostory.msg.GameMsgProtocol$UserEntryCmd
[14:53:33,501] [INFO] MainThreadProcessor.process --> 收到客户端消息, msgClazz = org.tinygame.herostory.msg.GameMsgProtocol$WhoElseIsHereCmd
[14:53:35,111] [INFO] MainThreadProcessor.process --> 收到客户端消息, msgClazz = org.tinygame.herostory.msg.GameMsgProtocol$UserLoginCmd
[14:53:35,112] [INFO] UserLoginCmdHandler.handle --> 用户登陆, userName = a, password = q
[14:53:35,112] [INFO] UserLoginCmdHandler.handle --> 当前线程 = MainThreadProcessor
[14:53:35,113] [INFO] LoginService$AsyncGetUserByName.doAsync --> 当前线程 = AsyncOperationProcessor_1
[14:53:35,117] [INFO] UserLoginCmdHandler.lambda$handle$0 --> 用户登陆成功, userId = 1, userName = a
[14:53:35,117] [INFO] UserLoginCmdHandler.lambda$handle$0 --> 当前线程 = MainThreadProcessor
[14:53:35,230] [INFO] MainThreadProcessor.process --> 收到客户端消息, msgClazz = org.tinygame.herostory.msg.GameMsgProtocol$UserEntryCmd
[14:53:35,231] [INFO] MainThreadProcessor.process --> 收到客户端消息, msgClazz = org.tinygame.herostory.msg.GameMsgProtocol$WhoElseIsHereCmd
[14:53:36,309] [INFO] MainThreadProcessor.process --> 收到客户端消息, msgClazz = org.tinygame.herostory.msg.GameMsgProtocol$GetRankCmd
[14:53:46,146] [INFO] MainThreadProcessor.process --> 收到客户端消息, msgClazz = org.tinygame.herostory.msg.GameMsgProtocol$UserAttkCmd
[14:53:46,147] [INFO] UserAttkCmdHandler.handle --> 当前线程 = MainThreadProcessor
[14:53:47,114] [INFO] MainThreadProcessor.process --> 收到客户端消息, msgClazz = org.tinygame.herostory.msg.GameMsgProtocol$UserAttkCmd
[14:53:47,115] [INFO] UserAttkCmdHandler.handle --> 当前线程 = MainThreadProcessor
[14:53:48,490] [INFO] MainThreadProcessor.process --> 收到客户端消息, msgClazz = org.tinygame.herostory.msg.GameMsgProtocol$GetRankCmd
[14:55:08,970] [INFO] MainThreadProcessor.process --> 收到客户端消息, msgClazz = org.tinygame.herostory.msg.GameMsgProtocol$UserAttkCmd
[14:55:08,971] [INFO] UserAttkCmdHandler.handle --> 当前线程 = MainThreadProcessor
[14:55:09,843] [INFO] MainThreadProcessor.process --> 收到客户端消息, msgClazz = org.tinygame.herostory.msg.GameMsgProtocol$UserAttkCmd
[14:55:09,847] [INFO] UserAttkCmdHandler.handle --> 当前线程 = MainThreadProcessor
[14:55:11,300] [INFO] MainThreadProcessor.process --> 收到客户端消息, msgClazz = org.tinygame.herostory.msg.GameMsgProtocol$UserAttkCmd
[14:55:11,301] [INFO] UserAttkCmdHandler.handle --> 当前线程 = MainThreadProcessor
[14:55:13,911] [INFO] MainThreadProcessor.process --> 收到客户端消息, msgClazz = org.tinygame.herostory.msg.GameMsgProtocol$UserMoveToCmd
[14:55:15,080] [INFO] MainThreadProcessor.process --> 收到客户端消息, msgClazz = org.tinygame.herostory.msg.GameMsgProtocol$UserMoveToCmd
[14:55:15,756] [INFO] MainThreadProcessor.process --> 收到客户端消息, msgClazz = org.tinygame.herostory.msg.GameMsgProtocol$UserAttkCmd
[14:55:15,758] [INFO] UserAttkCmdHandler.handle --> 当前线程 = MainThreadProcessor
[14:55:15,935] [INFO] MainThreadProcessor.process --> 收到客户端消息, msgClazz = org.tinygame.herostory.msg.GameMsgProtocol$UserAttkCmd
[14:55:15,935] [INFO] UserAttkCmdHandler.handle --> 当前线程 = MainThreadProcessor
[14:55:16,107] [INFO] MainThreadProcessor.process --> 收到客户端消息, msgClazz = org.tinygame.herostory.msg.GameMsgProtocol$UserAttkCmd
[14:55:16,110] [INFO] UserAttkCmdHandler.handle --> 当前线程 = MainThreadProcessor
[14:55:16,282] [INFO] MainThreadProcessor.process --> 收到客户端消息, msgClazz = org.tinygame.herostory.msg.GameMsgProtocol$UserAttkCmd
[14:55:16,284] [INFO] UserAttkCmdHandler.handle --> 当前线程 = MainThreadProcessor
[14:55:16,445] [INFO] MainThreadProcessor.process --> 收到客户端消息, msgClazz = org.tinygame.herostory.msg.GameMsgProtocol$UserAttkCmd
[14:55:16,446] [INFO] UserAttkCmdHandler.handle --> 当前线程 = MainThreadProcessor
[14:55:16,604] [INFO] MainThreadProcessor.process --> 收到客户端消息, msgClazz = org.tinygame.herostory.msg.GameMsgProtocol$UserAttkCmd
[14:55:16,605] [INFO] UserAttkCmdHandler.handle --> 当前线程 = MainThreadProcessor
[14:55:16,783] [INFO] MainThreadProcessor.process --> 收到客户端消息, msgClazz = org.tinygame.herostory.msg.GameMsgProtocol$UserAttkCmd
[14:55:16,785] [INFO] UserAttkCmdHandler.handle --> 当前线程 = MainThreadProcessor
[14:55:16,966] [INFO] MainThreadProcessor.process --> 收到客户端消息, msgClazz = org.tinygame.herostory.msg.GameMsgProtocol$UserAttkCmd
[14:55:17,284] [INFO] UserAttkCmdHandler.handle --> 当前线程 = MainThreadProcessor
[14:55:17,313] [INFO] MQConsumer$1.consumeMessage --> 从消息队列中收到战斗结果, winnerId = 1, loserId = 5
[14:55:17,564] [INFO] MainThreadProcessor.process --> 收到客户端消息, msgClazz = org.tinygame.herostory.msg.GameMsgProtocol$UserAttkCmd
[14:55:17,566] [INFO] UserAttkCmdHandler.handle --> 当前线程 = MainThreadProcessor
[14:55:19,332] [INFO] MainThreadProcessor.process --> 收到客户端消息, msgClazz = org.tinygame.herostory.msg.GameMsgProtocol$UserAttkCmd
[14:55:19,334] [INFO] UserAttkCmdHandler.handle --> 当前线程 = MainThreadProcessor
[14:55:19,685] [INFO] MainThreadProcessor.process --> 收到客户端消息, msgClazz = org.tinygame.herostory.msg.GameMsgProtocol$UserAttkCmd
[14:55:19,686] [INFO] UserAttkCmdHandler.handle --> 当前线程 = MainThreadProcessor
[14:55:19,886] [INFO] MainThreadProcessor.process --> 收到客户端消息, msgClazz = org.tinygame.herostory.msg.GameMsgProtocol$UserAttkCmd
[14:55:19,887] [INFO] UserAttkCmdHandler.handle --> 当前线程 = MainThreadProcessor
[14:55:20,067] [INFO] MainThreadProcessor.process --> 收到客户端消息, msgClazz = org.tinygame.herostory.msg.GameMsgProtocol$UserAttkCmd
[14:55:20,067] [INFO] UserAttkCmdHandler.handle --> 当前线程 = MainThreadProcessor
[14:55:20,248] [INFO] MainThreadProcessor.process --> 收到客户端消息, msgClazz = org.tinygame.herostory.msg.GameMsgProtocol$UserAttkCmd
[14:55:20,250] [INFO] UserAttkCmdHandler.handle --> 当前线程 = MainThreadProcessor
[14:55:21,629] [INFO] MainThreadProcessor.process --> 收到客户端消息, msgClazz = org.tinygame.herostory.msg.GameMsgProtocol$GetRankCmd
[14:55:22,817] [INFO] MainThreadProcessor.process --> 收到客户端消息, msgClazz = org.tinygame.herostory.msg.GameMsgProtocol$GetRankCmd
[14:55:23,400] [INFO] MainThreadProcessor.process --> 收到客户端消息, msgClazz = org.tinygame.herostory.msg.GameMsgProtocol$GetRankCmd
[14:55:24,079] [INFO] MainThreadProcessor.process --> 收到客户端消息, msgClazz = org.tinygame.herostory.msg.GameMsgProtocol$UserAttkCmd
[14:55:24,081] [INFO] UserAttkCmdHandler.handle --> 当前线程 = MainThreadProcessor
[14:55:25,228] [INFO] MainThreadProcessor.process --> 收到客户端消息, msgClazz = org.tinygame.herostory.msg.GameMsgProtocol$GetRankCmd
[14:55:42,926] [INFO] MainThreadProcessor.process --> 收到客户端消息, msgClazz = org.tinygame.herostory.msg.GameMsgProtocol$UserAttkCmd
[14:55:42,928] [INFO] UserAttkCmdHandler.handle --> 当前线程 = MainThreadProcessor
[14:55:45,475] [INFO] MainThreadProcessor.process --> 收到客户端消息, msgClazz = org.tinygame.herostory.msg.GameMsgProtocol$UserAttkCmd
[14:55:45,477] [INFO] UserAttkCmdHandler.handle --> 当前线程 = MainThreadProcessor
[14:55:46,627] [INFO] MainThreadProcessor.process --> 收到客户端消息, msgClazz = org.tinygame.herostory.msg.GameMsgProtocol$GetRankCmd
[14:55:49,163] [INFO] MainThreadProcessor.process --> 收到客户端消息, msgClazz = org.tinygame.herostory.msg.GameMsgProtocol$UserAttkCmd
[14:55:49,165] [INFO] UserAttkCmdHandler.handle --> 当前线程 = MainThreadProcessor
[14:55:50,976] [INFO] MainThreadProcessor.process --> 收到客户端消息, msgClazz = org.tinygame.herostory.msg.GameMsgProtocol$GetRankCmd
[14:55:52,976] [INFO] MainThreadProcessor.process --> 收到客户端消息, msgClazz = org.tinygame.herostory.msg.GameMsgProtocol$UserAttkCmd
[14:55:52,978] [INFO] UserAttkCmdHandler.handle --> 当前线程 = MainThreadProcessor
[14:55:53,496] [INFO] MainThreadProcessor.process --> 收到客户端消息, msgClazz = org.tinygame.herostory.msg.GameMsgProtocol$GetRankCmd
[14:56:02,142] [INFO] MainThreadProcessor.process --> 收到客户端消息, msgClazz = org.tinygame.herostory.msg.GameMsgProtocol$UserAttkCmd
[14:56:02,144] [INFO] UserAttkCmdHandler.handle --> 当前线程 = MainThreadProcessor
[14:56:03,980] [INFO] MainThreadProcessor.process --> 收到客户端消息, msgClazz = org.tinygame.herostory.msg.GameMsgProtocol$UserAttkCmd
[14:56:03,981] [INFO] UserAttkCmdHandler.handle --> 当前线程 = MainThreadProcessor
[14:56:04,774] [INFO] MainThreadProcessor.process --> 收到客户端消息, msgClazz = org.tinygame.herostory.msg.GameMsgProtocol$UserAttkCmd
[14:56:04,775] [INFO] UserAttkCmdHandler.handle --> 当前线程 = MainThreadProcessor
[14:56:05,192] [INFO] MainThreadProcessor.process --> 收到客户端消息, msgClazz = org.tinygame.herostory.msg.GameMsgProtocol$UserAttkCmd
[14:56:05,193] [INFO] UserAttkCmdHandler.handle --> 当前线程 = MainThreadProcessor
[14:56:05,379] [INFO] MainThreadProcessor.process --> 收到客户端消息, msgClazz = org.tinygame.herostory.msg.GameMsgProtocol$UserAttkCmd
[14:56:05,380] [INFO] UserAttkCmdHandler.handle --> 当前线程 = MainThreadProcessor
[14:56:05,560] [INFO] MainThreadProcessor.process --> 收到客户端消息, msgClazz = org.tinygame.herostory.msg.GameMsgProtocol$UserAttkCmd
[14:56:05,561] [INFO] UserAttkCmdHandler.handle --> 当前线程 = MainThreadProcessor
[14:56:05,726] [INFO] MainThreadProcessor.process --> 收到客户端消息, msgClazz = org.tinygame.herostory.msg.GameMsgProtocol$UserAttkCmd
[14:56:05,728] [INFO] UserAttkCmdHandler.handle --> 当前线程 = MainThreadProcessor
[14:56:05,911] [INFO] MainThreadProcessor.process --> 收到客户端消息, msgClazz = org.tinygame.herostory.msg.GameMsgProtocol$UserAttkCmd
[14:56:05,912] [INFO] UserAttkCmdHandler.handle --> 当前线程 = MainThreadProcessor
[14:56:06,068] [INFO] MainThreadProcessor.process --> 收到客户端消息, msgClazz = org.tinygame.herostory.msg.GameMsgProtocol$UserAttkCmd
[14:56:06,070] [INFO] UserAttkCmdHandler.handle --> 当前线程 = MainThreadProcessor
[14:56:07,811] [INFO] MainThreadProcessor.process --> 收到客户端消息, msgClazz = org.tinygame.herostory.msg.GameMsgProtocol$GetRankCmd
[14:56:11,010] [INFO] MainThreadProcessor.process --> 收到客户端消息, msgClazz = org.tinygame.herostory.msg.GameMsgProtocol$UserAttkCmd
[14:56:11,012] [INFO] UserAttkCmdHandler.handle --> 当前线程 = MainThreadProcessor
[14:56:38,140] [INFO] GameMsgHandler.handlerRemoved --> 用户离线, userId = 1
[14:56:46,039] [INFO] MainThreadProcessor.process --> 收到客户端消息, msgClazz = org.tinygame.herostory.msg.GameMsgProtocol$UserLoginCmd
[14:56:46,040] [INFO] UserLoginCmdHandler.handle --> 用户登陆, userName = a, password = q
[14:56:46,040] [INFO] UserLoginCmdHandler.handle --> 当前线程 = MainThreadProcessor
[14:56:46,040] [INFO] LoginService$AsyncGetUserByName.doAsync --> 当前线程 = AsyncOperationProcessor_1
[14:56:46,044] [INFO] UserLoginCmdHandler.lambda$handle$0 --> 用户登陆成功, userId = 1, userName = a
[14:56:46,044] [INFO] UserLoginCmdHandler.lambda$handle$0 --> 当前线程 = MainThreadProcessor
[14:56:46,136] [INFO] MainThreadProcessor.process --> 收到客户端消息, msgClazz = org.tinygame.herostory.msg.GameMsgProtocol$UserEntryCmd
[14:56:46,137] [INFO] MainThreadProcessor.process --> 收到客户端消息, msgClazz = org.tinygame.herostory.msg.GameMsgProtocol$WhoElseIsHereCmd
[14:56:47,589] [INFO] MainThreadProcessor.process --> 收到客户端消息, msgClazz = org.tinygame.herostory.msg.GameMsgProtocol$GetRankCmd
[14:57:17,292] [INFO] Slf4jLoggerFactory$Slf4jLogger.info --> closeChannel: close the connection to remote address[10.0.1.10:10909] result: true
[14:58:01,182] [INFO] MainThreadProcessor.process --> 收到客户端消息, msgClazz = org.tinygame.herostory.msg.GameMsgProtocol$UserAttkCmd
[14:58:01,184] [INFO] UserAttkCmdHandler.handle --> 当前线程 = MainThreadProcessor
[14:58:09,730] [INFO] MainThreadProcessor.process --> 收到客户端消息, msgClazz = org.tinygame.herostory.msg.GameMsgProtocol$GetRankCmd
[14:58:15,559] [INFO] MainThreadProcessor.process --> 收到客户端消息, msgClazz = org.tinygame.herostory.msg.GameMsgProtocol$UserAttkCmd
[14:58:15,561] [INFO] UserAttkCmdHandler.handle --> 当前线程 = MainThreadProcessor
[14:58:16,647] [INFO] MainThreadProcessor.process --> 收到客户端消息, msgClazz = org.tinygame.herostory.msg.GameMsgProtocol$GetRankCmd
[14:58:22,481] [INFO] MainThreadProcessor.process --> 收到客户端消息, msgClazz = org.tinygame.herostory.msg.GameMsgProtocol$UserAttkCmd
[14:58:22,483] [INFO] UserAttkCmdHandler.handle --> 当前线程 = MainThreadProcessor
[14:58:24,025] [INFO] MainThreadProcessor.process --> 收到客户端消息, msgClazz = org.tinygame.herostory.msg.GameMsgProtocol$GetRankCmd
[14:58:27,792] [INFO] MainThreadProcessor.process --> 收到客户端消息, msgClazz = org.tinygame.herostory.msg.GameMsgProtocol$UserAttkCmd
[14:58:27,793] [INFO] UserAttkCmdHandler.handle --> 当前线程 = MainThreadProcessor
[14:58:34,800] [INFO] GameMsgHandler.handlerRemoved --> 用户离线, userId = 5
[14:58:40,926] [INFO] MainThreadProcessor.process --> 收到客户端消息, msgClazz = org.tinygame.herostory.msg.GameMsgProtocol$UserLoginCmd
[14:58:40,927] [INFO] UserLoginCmdHandler.handle --> 用户登陆, userName = c, password = 1
[14:58:40,927] [INFO] UserLoginCmdHandler.handle --> 当前线程 = MainThreadProcessor
[14:58:40,927] [INFO] LoginService$AsyncGetUserByName.doAsync --> 当前线程 = AsyncOperationProcessor_3
[14:58:40,932] [INFO] UserLoginCmdHandler.lambda$handle$0 --> 用户登陆成功, userId = 5, userName = c
[14:58:40,932] [INFO] UserLoginCmdHandler.lambda$handle$0 --> 当前线程 = MainThreadProcessor
[14:58:41,021] [INFO] MainThreadProcessor.process --> 收到客户端消息, msgClazz = org.tinygame.herostory.msg.GameMsgProtocol$UserEntryCmd
[14:58:41,022] [INFO] MainThreadProcessor.process --> 收到客户端消息, msgClazz = org.tinygame.herostory.msg.GameMsgProtocol$WhoElseIsHereCmd
[14:58:42,066] [INFO] MainThreadProcessor.process --> 收到客户端消息, msgClazz = org.tinygame.herostory.msg.GameMsgProtocol$GetRankCmd
[14:59:02,693] [INFO] MainThreadProcessor.process --> 收到客户端消息, msgClazz = org.tinygame.herostory.msg.GameMsgProtocol$UserAttkCmd
[14:59:02,694] [INFO] UserAttkCmdHandler.handle --> 当前线程 = MainThreadProcessor
